#-----------------------------------------------------------
# Vivado v2019.2 (64-bit)
# SW Build 2708876 on Wed Nov  6 21:40:23 MST 2019
# IP Build 2700528 on Thu Nov  7 00:09:20 MST 2019
# Start of session at: Mon Jan  8 23:51:45 2024
# Process ID: 42708
# Current directory: C:/verilog project/Legend of Chun-Yi Lee
# Command line: vivado.exe -gui_launcher_event rodinguilauncherevent40876 C:\verilog project\Legend of Chun-Yi Lee\Legend of Chun-Yi Lee.xpr
# Log file: C:/verilog project/Legend of Chun-Yi Lee/vivado.log
# Journal file: C:/verilog project/Legend of Chun-Yi Lee\vivado.jou
#-----------------------------------------------------------
start_gui
open_project {C:/verilog project/Legend of Chun-Yi Lee/Legend of Chun-Yi Lee.xpr}
Scanning sources...
Finished scanning sources
INFO: [IP_Flow 19-234] Refreshing IP repositories
INFO: [IP_Flow 19-1700] Loaded user IP repository 'c:/verilog project/Legend of Chun-Yi Lee/ip'.
INFO: [IP_Flow 19-2313] Loaded Vivado IP repository 'C:/Xilinx/Vivado/2019.2/data/ip'.
update_compile_order -fileset sources_1
WARNING: [IP_Flow 19-4067] Ignoring invalid widget type specified checkbox.Providing a default widget
WARNING: [IP_Flow 19-4067] Ignoring invalid widget type specified checkbox.Providing a default widget
INFO: [IP_Flow 19-3484] Absolute path of file 'c:/verilog project/Legend of Chun-Yi Lee/Assets/A.coe' provided. It will be converted relative to IP Instance files '../../../../Assets/A.coe'
create_ip -name blk_mem_gen -vendor xilinx.com -library ip -version 8.4 -module_name BM_A -dir {c:/verilog project/Legend of Chun-Yi Lee/Legend of Chun-Yi Lee.srcs/sources_1/ip}
set_property -dict [list CONFIG.Component_Name {BM_A} CONFIG.Write_Width_A {12} CONFIG.Write_Depth_A {400} CONFIG.Read_Width_A {12} CONFIG.Enable_A {Always_Enabled} CONFIG.Write_Width_B {12} CONFIG.Read_Width_B {12} CONFIG.Load_Init_File {true} CONFIG.Coe_File {C:/verilog project/Legend of Chun-Yi Lee/Assets/A.coe}] [get_ips BM_A]
WARNING: [Vivado 12-3523] Attempt to change 'Component_Name' from 'BM_A' to 'BM_A' is not allowed and is ignored.
INFO: [IP_Flow 19-3484] Absolute path of file 'c:/verilog project/Legend of Chun-Yi Lee/Assets/A.coe' provided. It will be converted relative to IP Instance files '../../../../Assets/A.coe'
generate_target {instantiation_template} [get_files {{c:/verilog project/Legend of Chun-Yi Lee/Legend of Chun-Yi Lee.srcs/sources_1/ip/BM_A/BM_A.xci}}]
INFO: [IP_Flow 19-1686] Generating 'Instantiation Template' target for IP 'BM_A'...
generate_target all [get_files  {{c:/verilog project/Legend of Chun-Yi Lee/Legend of Chun-Yi Lee.srcs/sources_1/ip/BM_A/BM_A.xci}}]
INFO: [IP_Flow 19-1686] Generating 'Synthesis' target for IP 'BM_A'...
INFO: [IP_Flow 19-1686] Generating 'Simulation' target for IP 'BM_A'...
INFO: [IP_Flow 19-1686] Generating 'Miscellaneous' target for IP 'BM_A'...
INFO: [IP_Flow 19-1686] Generating 'Change Log' target for IP 'BM_A'...
catch { config_ip_cache -export [get_ips -all BM_A] }
INFO: [IP_Flow 19-4993] Using cached IP synthesis design for IP BM_A, cache-ID = 3635c16f467bd4f2; cache size = 6.155 MB.
export_ip_user_files -of_objects [get_files {{c:/verilog project/Legend of Chun-Yi Lee/Legend of Chun-Yi Lee.srcs/sources_1/ip/BM_A/BM_A.xci}}] -no_script -sync -force -quiet
create_ip_run [get_files -of_objects [get_fileset sources_1] {{c:/verilog project/Legend of Chun-Yi Lee/Legend of Chun-Yi Lee.srcs/sources_1/ip/BM_A/BM_A.xci}}]
INFO: [Vivado 12-3453] The given sub-design is up-to-date, no action was taken.  If a run is still desired, use the '-force' option for the file:'c:/verilog project/Legend of Chun-Yi Lee/Legend of Chun-Yi Lee.srcs/sources_1/ip/BM_A/BM_A.xci'
export_simulation -of_objects [get_files {{c:/verilog project/Legend of Chun-Yi Lee/Legend of Chun-Yi Lee.srcs/sources_1/ip/BM_A/BM_A.xci}}] -directory {C:/verilog project/Legend of Chun-Yi Lee/Legend of Chun-Yi Lee.ip_user_files/sim_scripts} -ip_user_files_dir {C:/verilog project/Legend of Chun-Yi Lee/Legend of Chun-Yi Lee.ip_user_files} -ipstatic_source_dir {C:/verilog project/Legend of Chun-Yi Lee/Legend of Chun-Yi Lee.ip_user_files/ipstatic} -lib_map_path [list {modelsim=C:/verilog project/Legend of Chun-Yi Lee/Legend of Chun-Yi Lee.cache/compile_simlib/modelsim} {questa=C:/verilog project/Legend of Chun-Yi Lee/Legend of Chun-Yi Lee.cache/compile_simlib/questa} {riviera=C:/verilog project/Legend of Chun-Yi Lee/Legend of Chun-Yi Lee.cache/compile_simlib/riviera} {activehdl=C:/verilog project/Legend of Chun-Yi Lee/Legend of Chun-Yi Lee.cache/compile_simlib/activehdl}] -use_ip_compiled_libs -force -quiet
WARNING: [IP_Flow 19-4067] Ignoring invalid widget type specified checkbox.Providing a default widget
WARNING: [IP_Flow 19-4067] Ignoring invalid widget type specified checkbox.Providing a default widget
INFO: [IP_Flow 19-3484] Absolute path of file 'c:/verilog project/Legend of Chun-Yi Lee/Assets/E.coe' provided. It will be converted relative to IP Instance files '../../../../Assets/E.coe'
create_ip -name blk_mem_gen -vendor xilinx.com -library ip -version 8.4 -module_name BM_E -dir {c:/verilog project/Legend of Chun-Yi Lee/Legend of Chun-Yi Lee.srcs/sources_1/ip}
set_property -dict [list CONFIG.Component_Name {BM_E} CONFIG.Write_Width_A {12} CONFIG.Write_Depth_A {400} CONFIG.Read_Width_A {12} CONFIG.Enable_A {Always_Enabled} CONFIG.Write_Width_B {12} CONFIG.Read_Width_B {12} CONFIG.Load_Init_File {true} CONFIG.Coe_File {C:/verilog project/Legend of Chun-Yi Lee/Assets/E.coe}] [get_ips BM_E]
WARNING: [Vivado 12-3523] Attempt to change 'Component_Name' from 'BM_E' to 'BM_E' is not allowed and is ignored.
INFO: [IP_Flow 19-3484] Absolute path of file 'c:/verilog project/Legend of Chun-Yi Lee/Assets/E.coe' provided. It will be converted relative to IP Instance files '../../../../Assets/E.coe'
generate_target {instantiation_template} [get_files {{c:/verilog project/Legend of Chun-Yi Lee/Legend of Chun-Yi Lee.srcs/sources_1/ip/BM_E/BM_E.xci}}]
INFO: [IP_Flow 19-1686] Generating 'Instantiation Template' target for IP 'BM_E'...
generate_target all [get_files  {{c:/verilog project/Legend of Chun-Yi Lee/Legend of Chun-Yi Lee.srcs/sources_1/ip/BM_E/BM_E.xci}}]
INFO: [IP_Flow 19-1686] Generating 'Synthesis' target for IP 'BM_E'...
INFO: [IP_Flow 19-1686] Generating 'Simulation' target for IP 'BM_E'...
INFO: [IP_Flow 19-1686] Generating 'Miscellaneous' target for IP 'BM_E'...
INFO: [IP_Flow 19-1686] Generating 'Change Log' target for IP 'BM_E'...
catch { config_ip_cache -export [get_ips -all BM_E] }
export_ip_user_files -of_objects [get_files {{c:/verilog project/Legend of Chun-Yi Lee/Legend of Chun-Yi Lee.srcs/sources_1/ip/BM_E/BM_E.xci}}] -no_script -sync -force -quiet
create_ip_run [get_files -of_objects [get_fileset sources_1] {{c:/verilog project/Legend of Chun-Yi Lee/Legend of Chun-Yi Lee.srcs/sources_1/ip/BM_E/BM_E.xci}}]
launch_runs -jobs 10 BM_E_synth_1
[Mon Jan  8 23:53:31 2024] Launched BM_E_synth_1...
Run output will be captured here: C:/verilog project/Legend of Chun-Yi Lee/Legend of Chun-Yi Lee.runs/BM_E_synth_1/runme.log
export_simulation -of_objects [get_files {{c:/verilog project/Legend of Chun-Yi Lee/Legend of Chun-Yi Lee.srcs/sources_1/ip/BM_E/BM_E.xci}}] -directory {C:/verilog project/Legend of Chun-Yi Lee/Legend of Chun-Yi Lee.ip_user_files/sim_scripts} -ip_user_files_dir {C:/verilog project/Legend of Chun-Yi Lee/Legend of Chun-Yi Lee.ip_user_files} -ipstatic_source_dir {C:/verilog project/Legend of Chun-Yi Lee/Legend of Chun-Yi Lee.ip_user_files/ipstatic} -lib_map_path [list {modelsim=C:/verilog project/Legend of Chun-Yi Lee/Legend of Chun-Yi Lee.cache/compile_simlib/modelsim} {questa=C:/verilog project/Legend of Chun-Yi Lee/Legend of Chun-Yi Lee.cache/compile_simlib/questa} {riviera=C:/verilog project/Legend of Chun-Yi Lee/Legend of Chun-Yi Lee.cache/compile_simlib/riviera} {activehdl=C:/verilog project/Legend of Chun-Yi Lee/Legend of Chun-Yi Lee.cache/compile_simlib/activehdl}] -use_ip_compiled_libs -force -quiet
WARNING: [IP_Flow 19-4067] Ignoring invalid widget type specified checkbox.Providing a default widget
WARNING: [IP_Flow 19-4067] Ignoring invalid widget type specified checkbox.Providing a default widget
INFO: [IP_Flow 19-3484] Absolute path of file 'c:/verilog project/Legend of Chun-Yi Lee/Assets/O.coe' provided. It will be converted relative to IP Instance files '../../../../Assets/O.coe'
create_ip -name blk_mem_gen -vendor xilinx.com -library ip -version 8.4 -module_name BM_O -dir {c:/verilog project/Legend of Chun-Yi Lee/Legend of Chun-Yi Lee.srcs/sources_1/ip}
set_property -dict [list CONFIG.Component_Name {BM_O} CONFIG.Write_Width_A {12} CONFIG.Write_Depth_A {400} CONFIG.Read_Width_A {12} CONFIG.Enable_A {Always_Enabled} CONFIG.Write_Width_B {12} CONFIG.Read_Width_B {12} CONFIG.Load_Init_File {true} CONFIG.Coe_File {C:/verilog project/Legend of Chun-Yi Lee/Assets/O.coe}] [get_ips BM_O]
WARNING: [Vivado 12-3523] Attempt to change 'Component_Name' from 'BM_O' to 'BM_O' is not allowed and is ignored.
INFO: [IP_Flow 19-3484] Absolute path of file 'c:/verilog project/Legend of Chun-Yi Lee/Assets/O.coe' provided. It will be converted relative to IP Instance files '../../../../Assets/O.coe'
generate_target {instantiation_template} [get_files {{c:/verilog project/Legend of Chun-Yi Lee/Legend of Chun-Yi Lee.srcs/sources_1/ip/BM_O/BM_O.xci}}]
INFO: [IP_Flow 19-1686] Generating 'Instantiation Template' target for IP 'BM_O'...
update_compile_order -fileset sources_1
generate_target all [get_files  {{c:/verilog project/Legend of Chun-Yi Lee/Legend of Chun-Yi Lee.srcs/sources_1/ip/BM_O/BM_O.xci}}]
INFO: [IP_Flow 19-1686] Generating 'Synthesis' target for IP 'BM_O'...
INFO: [IP_Flow 19-1686] Generating 'Simulation' target for IP 'BM_O'...
INFO: [IP_Flow 19-1686] Generating 'Miscellaneous' target for IP 'BM_O'...
INFO: [IP_Flow 19-1686] Generating 'Change Log' target for IP 'BM_O'...
catch { config_ip_cache -export [get_ips -all BM_O] }
export_ip_user_files -of_objects [get_files {{c:/verilog project/Legend of Chun-Yi Lee/Legend of Chun-Yi Lee.srcs/sources_1/ip/BM_O/BM_O.xci}}] -no_script -sync -force -quiet
create_ip_run [get_files -of_objects [get_fileset sources_1] {{c:/verilog project/Legend of Chun-Yi Lee/Legend of Chun-Yi Lee.srcs/sources_1/ip/BM_O/BM_O.xci}}]
launch_runs -jobs 10 BM_O_synth_1
[Mon Jan  8 23:54:04 2024] Launched BM_O_synth_1...
Run output will be captured here: C:/verilog project/Legend of Chun-Yi Lee/Legend of Chun-Yi Lee.runs/BM_O_synth_1/runme.log
export_simulation -of_objects [get_files {{c:/verilog project/Legend of Chun-Yi Lee/Legend of Chun-Yi Lee.srcs/sources_1/ip/BM_O/BM_O.xci}}] -directory {C:/verilog project/Legend of Chun-Yi Lee/Legend of Chun-Yi Lee.ip_user_files/sim_scripts} -ip_user_files_dir {C:/verilog project/Legend of Chun-Yi Lee/Legend of Chun-Yi Lee.ip_user_files} -ipstatic_source_dir {C:/verilog project/Legend of Chun-Yi Lee/Legend of Chun-Yi Lee.ip_user_files/ipstatic} -lib_map_path [list {modelsim=C:/verilog project/Legend of Chun-Yi Lee/Legend of Chun-Yi Lee.cache/compile_simlib/modelsim} {questa=C:/verilog project/Legend of Chun-Yi Lee/Legend of Chun-Yi Lee.cache/compile_simlib/questa} {riviera=C:/verilog project/Legend of Chun-Yi Lee/Legend of Chun-Yi Lee.cache/compile_simlib/riviera} {activehdl=C:/verilog project/Legend of Chun-Yi Lee/Legend of Chun-Yi Lee.cache/compile_simlib/activehdl}] -use_ip_compiled_libs -force -quiet
WARNING: [IP_Flow 19-4067] Ignoring invalid widget type specified checkbox.Providing a default widget
WARNING: [IP_Flow 19-4067] Ignoring invalid widget type specified checkbox.Providing a default widget
INFO: [IP_Flow 19-3484] Absolute path of file 'c:/verilog project/Legend of Chun-Yi Lee/Assets/V.coe' provided. It will be converted relative to IP Instance files '../../../../Assets/V.coe'
create_ip -name blk_mem_gen -vendor xilinx.com -library ip -version 8.4 -module_name BM_V -dir {c:/verilog project/Legend of Chun-Yi Lee/Legend of Chun-Yi Lee.srcs/sources_1/ip}
set_property -dict [list CONFIG.Component_Name {BM_V} CONFIG.Write_Width_A {12} CONFIG.Write_Depth_A {400} CONFIG.Read_Width_A {12} CONFIG.Enable_A {Always_Enabled} CONFIG.Write_Width_B {12} CONFIG.Read_Width_B {12} CONFIG.Load_Init_File {true} CONFIG.Coe_File {C:/verilog project/Legend of Chun-Yi Lee/Assets/V.coe}] [get_ips BM_V]
WARNING: [Vivado 12-3523] Attempt to change 'Component_Name' from 'BM_V' to 'BM_V' is not allowed and is ignored.
INFO: [IP_Flow 19-3484] Absolute path of file 'c:/verilog project/Legend of Chun-Yi Lee/Assets/V.coe' provided. It will be converted relative to IP Instance files '../../../../Assets/V.coe'
generate_target {instantiation_template} [get_files {{c:/verilog project/Legend of Chun-Yi Lee/Legend of Chun-Yi Lee.srcs/sources_1/ip/BM_V/BM_V.xci}}]
INFO: [IP_Flow 19-1686] Generating 'Instantiation Template' target for IP 'BM_V'...
generate_target all [get_files  {{c:/verilog project/Legend of Chun-Yi Lee/Legend of Chun-Yi Lee.srcs/sources_1/ip/BM_V/BM_V.xci}}]
INFO: [IP_Flow 19-1686] Generating 'Synthesis' target for IP 'BM_V'...
INFO: [IP_Flow 19-1686] Generating 'Simulation' target for IP 'BM_V'...
INFO: [IP_Flow 19-1686] Generating 'Miscellaneous' target for IP 'BM_V'...
INFO: [IP_Flow 19-1686] Generating 'Change Log' target for IP 'BM_V'...
catch { config_ip_cache -export [get_ips -all BM_V] }
export_ip_user_files -of_objects [get_files {{c:/verilog project/Legend of Chun-Yi Lee/Legend of Chun-Yi Lee.srcs/sources_1/ip/BM_V/BM_V.xci}}] -no_script -sync -force -quiet
create_ip_run [get_files -of_objects [get_fileset sources_1] {{c:/verilog project/Legend of Chun-Yi Lee/Legend of Chun-Yi Lee.srcs/sources_1/ip/BM_V/BM_V.xci}}]
launch_runs -jobs 10 BM_V_synth_1
[Mon Jan  8 23:54:30 2024] Launched BM_V_synth_1...
Run output will be captured here: C:/verilog project/Legend of Chun-Yi Lee/Legend of Chun-Yi Lee.runs/BM_V_synth_1/runme.log
export_simulation -of_objects [get_files {{c:/verilog project/Legend of Chun-Yi Lee/Legend of Chun-Yi Lee.srcs/sources_1/ip/BM_V/BM_V.xci}}] -directory {C:/verilog project/Legend of Chun-Yi Lee/Legend of Chun-Yi Lee.ip_user_files/sim_scripts} -ip_user_files_dir {C:/verilog project/Legend of Chun-Yi Lee/Legend of Chun-Yi Lee.ip_user_files} -ipstatic_source_dir {C:/verilog project/Legend of Chun-Yi Lee/Legend of Chun-Yi Lee.ip_user_files/ipstatic} -lib_map_path [list {modelsim=C:/verilog project/Legend of Chun-Yi Lee/Legend of Chun-Yi Lee.cache/compile_simlib/modelsim} {questa=C:/verilog project/Legend of Chun-Yi Lee/Legend of Chun-Yi Lee.cache/compile_simlib/questa} {riviera=C:/verilog project/Legend of Chun-Yi Lee/Legend of Chun-Yi Lee.cache/compile_simlib/riviera} {activehdl=C:/verilog project/Legend of Chun-Yi Lee/Legend of Chun-Yi Lee.cache/compile_simlib/activehdl}] -use_ip_compiled_libs -force -quiet
WARNING: [IP_Flow 19-4067] Ignoring invalid widget type specified checkbox.Providing a default widget
WARNING: [IP_Flow 19-4067] Ignoring invalid widget type specified checkbox.Providing a default widget
INFO: [IP_Flow 19-3484] Absolute path of file 'c:/verilog project/Legend of Chun-Yi Lee/Assets/R.coe' provided. It will be converted relative to IP Instance files '../../../../Assets/R.coe'
create_ip -name blk_mem_gen -vendor xilinx.com -library ip -version 8.4 -module_name BM_R -dir {c:/verilog project/Legend of Chun-Yi Lee/Legend of Chun-Yi Lee.srcs/sources_1/ip}
set_property -dict [list CONFIG.Component_Name {BM_R} CONFIG.Write_Width_A {12} CONFIG.Write_Depth_A {400} CONFIG.Read_Width_A {12} CONFIG.Enable_A {Always_Enabled} CONFIG.Write_Width_B {12} CONFIG.Read_Width_B {12} CONFIG.Load_Init_File {true} CONFIG.Coe_File {C:/verilog project/Legend of Chun-Yi Lee/Assets/R.coe}] [get_ips BM_R]
WARNING: [Vivado 12-3523] Attempt to change 'Component_Name' from 'BM_R' to 'BM_R' is not allowed and is ignored.
INFO: [IP_Flow 19-3484] Absolute path of file 'c:/verilog project/Legend of Chun-Yi Lee/Assets/R.coe' provided. It will be converted relative to IP Instance files '../../../../Assets/R.coe'
generate_target {instantiation_template} [get_files {{c:/verilog project/Legend of Chun-Yi Lee/Legend of Chun-Yi Lee.srcs/sources_1/ip/BM_R/BM_R.xci}}]
INFO: [IP_Flow 19-1686] Generating 'Instantiation Template' target for IP 'BM_R'...
generate_target all [get_files  {{c:/verilog project/Legend of Chun-Yi Lee/Legend of Chun-Yi Lee.srcs/sources_1/ip/BM_R/BM_R.xci}}]
INFO: [IP_Flow 19-1686] Generating 'Synthesis' target for IP 'BM_R'...
INFO: [IP_Flow 19-1686] Generating 'Simulation' target for IP 'BM_R'...
INFO: [IP_Flow 19-1686] Generating 'Miscellaneous' target for IP 'BM_R'...
INFO: [IP_Flow 19-1686] Generating 'Change Log' target for IP 'BM_R'...
catch { config_ip_cache -export [get_ips -all BM_R] }
export_ip_user_files -of_objects [get_files {{c:/verilog project/Legend of Chun-Yi Lee/Legend of Chun-Yi Lee.srcs/sources_1/ip/BM_R/BM_R.xci}}] -no_script -sync -force -quiet
create_ip_run [get_files -of_objects [get_fileset sources_1] {{c:/verilog project/Legend of Chun-Yi Lee/Legend of Chun-Yi Lee.srcs/sources_1/ip/BM_R/BM_R.xci}}]
launch_runs -jobs 10 BM_R_synth_1
[Mon Jan  8 23:54:55 2024] Launched BM_R_synth_1...
Run output will be captured here: C:/verilog project/Legend of Chun-Yi Lee/Legend of Chun-Yi Lee.runs/BM_R_synth_1/runme.log
export_simulation -of_objects [get_files {{c:/verilog project/Legend of Chun-Yi Lee/Legend of Chun-Yi Lee.srcs/sources_1/ip/BM_R/BM_R.xci}}] -directory {C:/verilog project/Legend of Chun-Yi Lee/Legend of Chun-Yi Lee.ip_user_files/sim_scripts} -ip_user_files_dir {C:/verilog project/Legend of Chun-Yi Lee/Legend of Chun-Yi Lee.ip_user_files} -ipstatic_source_dir {C:/verilog project/Legend of Chun-Yi Lee/Legend of Chun-Yi Lee.ip_user_files/ipstatic} -lib_map_path [list {modelsim=C:/verilog project/Legend of Chun-Yi Lee/Legend of Chun-Yi Lee.cache/compile_simlib/modelsim} {questa=C:/verilog project/Legend of Chun-Yi Lee/Legend of Chun-Yi Lee.cache/compile_simlib/questa} {riviera=C:/verilog project/Legend of Chun-Yi Lee/Legend of Chun-Yi Lee.cache/compile_simlib/riviera} {activehdl=C:/verilog project/Legend of Chun-Yi Lee/Legend of Chun-Yi Lee.cache/compile_simlib/activehdl}] -use_ip_compiled_libs -force -quiet
add_files -norecurse {{C:/verilog project/Legend of Chun-Yi Lee/wall.v} {C:/verilog project/Legend of Chun-Yi Lee/collide.v} {C:/verilog project/Legend of Chun-Yi Lee/maincharacter.v} {C:/verilog project/Legend of Chun-Yi Lee/LFSR.v} {C:/verilog project/Legend of Chun-Yi Lee/weapon.v} {C:/verilog project/Legend of Chun-Yi Lee/monster.v}}
update_compile_order -fileset sources_1
reset_run synth_1
reset_run BM_CY_front_walk_L_synth_1
reset_run BM_CY_front_walk_R_synth_1
reset_run BM_CY_right_stand_synth_1
reset_run BM_CY_right_walk_synth_1
reset_run BM_CY_left_stand_synth_1
reset_run BM_CY_left_walk_synth_1
reset_run BM_CY_back_stand_synth_1
reset_run BM_CY_back_walk_L_synth_1
reset_run BM_CY_back_walk_R_synth_1
reset_run BM_overwall_wall_synth_1
reset_run BM_computer_room_entrance_synth_1
reset_run BM_CS_student_L_synth_1
reset_run BM_CS_student_R_synth_1
reset_run BM_CY_front_stand_synth_1
reset_run BM_CY_back_attack_synth_1
reset_run BM_CY_front_attack_synth_1
reset_run BM_CY_left_attack_synth_1
reset_run BM_CY_right_attack_synth_1
reset_run BM_heart_synth_1
reset_run BM_wooden_fpga_down_synth_1
reset_run BM_wooden_fpga_up_synth_1
reset_run BM_wooden_fpga_left_synth_1
reset_run BM_wooden_fpga_right_synth_1
launch_runs impl_1 -to_step write_bitstream -jobs 10
INFO: [IP_Flow 19-1686] Generating 'Synthesis' target for IP 'BM_CY_front_walk_L'...
INFO: [IP_Flow 19-1686] Generating 'Synthesis' target for IP 'BM_CY_front_walk_R'...
INFO: [IP_Flow 19-1686] Generating 'Synthesis' target for IP 'BM_CY_right_stand'...
INFO: [IP_Flow 19-1686] Generating 'Synthesis' target for IP 'BM_CY_right_walk'...
INFO: [IP_Flow 19-1686] Generating 'Synthesis' target for IP 'BM_CY_left_stand'...
INFO: [IP_Flow 19-1686] Generating 'Synthesis' target for IP 'BM_CY_left_walk'...
INFO: [IP_Flow 19-1686] Generating 'Synthesis' target for IP 'BM_CY_back_stand'...
INFO: [IP_Flow 19-1686] Generating 'Synthesis' target for IP 'BM_CY_back_walk_L'...
INFO: [IP_Flow 19-1686] Generating 'Synthesis' target for IP 'BM_CY_back_walk_R'...
INFO: [IP_Flow 19-1686] Generating 'Synthesis' target for IP 'BM_overwall_wall'...
INFO: [IP_Flow 19-1686] Generating 'Synthesis' target for IP 'BM_computer_room_entrance'...
INFO: [IP_Flow 19-1686] Generating 'Synthesis' target for IP 'BM_CS_student_L'...
INFO: [IP_Flow 19-1686] Generating 'Synthesis' target for IP 'BM_CS_student_R'...
INFO: [IP_Flow 19-1686] Generating 'Synthesis' target for IP 'BM_CY_front_stand'...
INFO: [IP_Flow 19-1686] Generating 'Synthesis' target for IP 'BM_CY_back_attack'...
INFO: [IP_Flow 19-1686] Generating 'Synthesis' target for IP 'BM_CY_front_attack'...
INFO: [IP_Flow 19-1686] Generating 'Synthesis' target for IP 'BM_CY_left_attack'...
INFO: [IP_Flow 19-1686] Generating 'Synthesis' target for IP 'BM_CY_right_attack'...
INFO: [IP_Flow 19-1686] Generating 'Synthesis' target for IP 'BM_heart'...
INFO: [IP_Flow 19-1686] Generating 'Synthesis' target for IP 'BM_wooden_fpga_down'...
INFO: [IP_Flow 19-1686] Generating 'Synthesis' target for IP 'BM_wooden_fpga_up'...
INFO: [IP_Flow 19-1686] Generating 'Synthesis' target for IP 'BM_wooden_fpga_left'...
INFO: [IP_Flow 19-1686] Generating 'Synthesis' target for IP 'BM_wooden_fpga_right'...
[Tue Jan  9 00:17:28 2024] Launched BM_CY_front_walk_L_synth_1, BM_CY_front_walk_R_synth_1, BM_CY_right_stand_synth_1, BM_CY_right_walk_synth_1, BM_CY_left_stand_synth_1, BM_CY_left_walk_synth_1, BM_CY_back_stand_synth_1, BM_CY_back_walk_L_synth_1, BM_CY_back_walk_R_synth_1, BM_overwall_wall_synth_1, BM_computer_room_entrance_synth_1, BM_CS_student_L_synth_1, BM_CS_student_R_synth_1, BM_CY_front_stand_synth_1, BM_CY_back_attack_synth_1, BM_CY_front_attack_synth_1, BM_CY_left_attack_synth_1, BM_CY_right_attack_synth_1, BM_heart_synth_1, BM_wooden_fpga_down_synth_1, BM_wooden_fpga_up_synth_1, BM_wooden_fpga_left_synth_1, BM_wooden_fpga_right_synth_1, synth_1...
Run output will be captured here:
BM_CY_front_walk_L_synth_1: C:/verilog project/Legend of Chun-Yi Lee/Legend of Chun-Yi Lee.runs/BM_CY_front_walk_L_synth_1/runme.log
BM_CY_front_walk_R_synth_1: C:/verilog project/Legend of Chun-Yi Lee/Legend of Chun-Yi Lee.runs/BM_CY_front_walk_R_synth_1/runme.log
BM_CY_right_stand_synth_1: C:/verilog project/Legend of Chun-Yi Lee/Legend of Chun-Yi Lee.runs/BM_CY_right_stand_synth_1/runme.log
BM_CY_right_walk_synth_1: C:/verilog project/Legend of Chun-Yi Lee/Legend of Chun-Yi Lee.runs/BM_CY_right_walk_synth_1/runme.log
BM_CY_left_stand_synth_1: C:/verilog project/Legend of Chun-Yi Lee/Legend of Chun-Yi Lee.runs/BM_CY_left_stand_synth_1/runme.log
BM_CY_left_walk_synth_1: C:/verilog project/Legend of Chun-Yi Lee/Legend of Chun-Yi Lee.runs/BM_CY_left_walk_synth_1/runme.log
BM_CY_back_stand_synth_1: C:/verilog project/Legend of Chun-Yi Lee/Legend of Chun-Yi Lee.runs/BM_CY_back_stand_synth_1/runme.log
BM_CY_back_walk_L_synth_1: C:/verilog project/Legend of Chun-Yi Lee/Legend of Chun-Yi Lee.runs/BM_CY_back_walk_L_synth_1/runme.log
BM_CY_back_walk_R_synth_1: C:/verilog project/Legend of Chun-Yi Lee/Legend of Chun-Yi Lee.runs/BM_CY_back_walk_R_synth_1/runme.log
BM_overwall_wall_synth_1: C:/verilog project/Legend of Chun-Yi Lee/Legend of Chun-Yi Lee.runs/BM_overwall_wall_synth_1/runme.log
BM_computer_room_entrance_synth_1: C:/verilog project/Legend of Chun-Yi Lee/Legend of Chun-Yi Lee.runs/BM_computer_room_entrance_synth_1/runme.log
BM_CS_student_L_synth_1: C:/verilog project/Legend of Chun-Yi Lee/Legend of Chun-Yi Lee.runs/BM_CS_student_L_synth_1/runme.log
BM_CS_student_R_synth_1: C:/verilog project/Legend of Chun-Yi Lee/Legend of Chun-Yi Lee.runs/BM_CS_student_R_synth_1/runme.log
BM_CY_front_stand_synth_1: C:/verilog project/Legend of Chun-Yi Lee/Legend of Chun-Yi Lee.runs/BM_CY_front_stand_synth_1/runme.log
BM_CY_back_attack_synth_1: C:/verilog project/Legend of Chun-Yi Lee/Legend of Chun-Yi Lee.runs/BM_CY_back_attack_synth_1/runme.log
BM_CY_front_attack_synth_1: C:/verilog project/Legend of Chun-Yi Lee/Legend of Chun-Yi Lee.runs/BM_CY_front_attack_synth_1/runme.log
BM_CY_left_attack_synth_1: C:/verilog project/Legend of Chun-Yi Lee/Legend of Chun-Yi Lee.runs/BM_CY_left_attack_synth_1/runme.log
BM_CY_right_attack_synth_1: C:/verilog project/Legend of Chun-Yi Lee/Legend of Chun-Yi Lee.runs/BM_CY_right_attack_synth_1/runme.log
BM_heart_synth_1: C:/verilog project/Legend of Chun-Yi Lee/Legend of Chun-Yi Lee.runs/BM_heart_synth_1/runme.log
BM_wooden_fpga_down_synth_1: C:/verilog project/Legend of Chun-Yi Lee/Legend of Chun-Yi Lee.runs/BM_wooden_fpga_down_synth_1/runme.log
BM_wooden_fpga_up_synth_1: C:/verilog project/Legend of Chun-Yi Lee/Legend of Chun-Yi Lee.runs/BM_wooden_fpga_up_synth_1/runme.log
BM_wooden_fpga_left_synth_1: C:/verilog project/Legend of Chun-Yi Lee/Legend of Chun-Yi Lee.runs/BM_wooden_fpga_left_synth_1/runme.log
BM_wooden_fpga_right_synth_1: C:/verilog project/Legend of Chun-Yi Lee/Legend of Chun-Yi Lee.runs/BM_wooden_fpga_right_synth_1/runme.log
synth_1: C:/verilog project/Legend of Chun-Yi Lee/Legend of Chun-Yi Lee.runs/synth_1/runme.log
[Tue Jan  9 00:17:30 2024] Launched impl_1...
Run output will be captured here: C:/verilog project/Legend of Chun-Yi Lee/Legend of Chun-Yi Lee.runs/impl_1/runme.log
launch_runs: Time (s): cpu = 00:00:03 ; elapsed = 00:00:06 . Memory (MB): peak = 1158.164 ; gain = 49.320
open_hw_manager
connect_hw_server -allow_non_jtag
INFO: [Labtools 27-2285] Connecting to hw_server url TCP:localhost:3121
INFO: [Labtools 27-2222] Launching hw_server...
INFO: [Labtools 27-2221] Launch Output:

****** Xilinx hw_server v2019.2
  **** Build date : Nov  6 2019 at 22:12:23
    ** Copyright 1986-2019 Xilinx, Inc. All Rights Reserved.


INFO: [Labtools 27-3415] Connecting to cs_server url TCP:localhost:3042
INFO: [Labtools 27-3417] Launching cs_server...
INFO: [Labtools 27-2221] Launch Output:


****** Xilinx cs_server v2019.2.0
  **** Build date : Nov 07 2019-13:28:22
    ** Copyright 2017-2019 Xilinx, Inc. All Rights Reserved.



connect_hw_server: Time (s): cpu = 00:00:00 ; elapsed = 00:00:06 . Memory (MB): peak = 1180.441 ; gain = 16.566
open_hw_target
INFO: [Labtoolstcl 44-466] Opening hw_target localhost:3121/xilinx_tcf/Digilent/210183711740A
set_property PROGRAM.FILE {C:/verilog project/Legend of Chun-Yi Lee/Legend of Chun-Yi Lee.runs/impl_1/Top.bit} [get_hw_devices xc7a35t_0]
current_hw_device [get_hw_devices xc7a35t_0]
refresh_hw_device -update_hw_probes false [lindex [get_hw_devices xc7a35t_0] 0]
INFO: [Labtools 27-1434] Device xc7a35t (JTAG device index = 0) is programmed with a design that has no supported debug core(s) in it.
set_property PROBES.FILE {} [get_hw_devices xc7a35t_0]
set_property FULL_PROBES.FILE {} [get_hw_devices xc7a35t_0]
set_property PROGRAM.FILE {C:/verilog project/Legend of Chun-Yi Lee/Legend of Chun-Yi Lee.runs/impl_1/Top.bit} [get_hw_devices xc7a35t_0]
program_hw_devices [get_hw_devices xc7a35t_0]
INFO: [Labtools 27-3164] End of startup status: HIGH
refresh_hw_device [lindex [get_hw_devices xc7a35t_0] 0]
INFO: [Labtools 27-1434] Device xc7a35t (JTAG device index = 0) is programmed with a design that has no supported debug core(s) in it.
reset_run synth_1
launch_runs impl_1 -to_step write_bitstream -jobs 10
[Tue Jan  9 00:28:05 2024] Launched synth_1...
Run output will be captured here: C:/verilog project/Legend of Chun-Yi Lee/Legend of Chun-Yi Lee.runs/synth_1/runme.log
[Tue Jan  9 00:28:05 2024] Launched impl_1...
Run output will be captured here: C:/verilog project/Legend of Chun-Yi Lee/Legend of Chun-Yi Lee.runs/impl_1/runme.log
reset_run synth_1
launch_runs impl_1 -to_step write_bitstream -jobs 10
[Tue Jan  9 00:36:05 2024] Launched synth_1...
Run output will be captured here: C:/verilog project/Legend of Chun-Yi Lee/Legend of Chun-Yi Lee.runs/synth_1/runme.log
[Tue Jan  9 00:36:06 2024] Launched impl_1...
Run output will be captured here: C:/verilog project/Legend of Chun-Yi Lee/Legend of Chun-Yi Lee.runs/impl_1/runme.log
reset_run synth_1
launch_runs impl_1 -to_step write_bitstream -jobs 10
[Tue Jan  9 00:41:36 2024] Launched synth_1...
Run output will be captured here: C:/verilog project/Legend of Chun-Yi Lee/Legend of Chun-Yi Lee.runs/synth_1/runme.log
[Tue Jan  9 00:41:36 2024] Launched impl_1...
Run output will be captured here: C:/verilog project/Legend of Chun-Yi Lee/Legend of Chun-Yi Lee.runs/impl_1/runme.log
reset_run synth_1
WARNING: [Vivado 12-1017] Problems encountered:
1. PID not specified

launch_runs impl_1 -to_step write_bitstream -jobs 10
[Tue Jan  9 00:42:36 2024] Launched synth_1...
Run output will be captured here: C:/verilog project/Legend of Chun-Yi Lee/Legend of Chun-Yi Lee.runs/synth_1/runme.log
[Tue Jan  9 00:42:36 2024] Launched impl_1...
Run output will be captured here: C:/verilog project/Legend of Chun-Yi Lee/Legend of Chun-Yi Lee.runs/impl_1/runme.log
ERROR: [Labtoolstcl 44-513] HW Target shutdown. Closing target: localhost:3121/xilinx_tcf/Digilent/210183711740A
close_hw_manager
add_files -norecurse {{C:/verilog project/Legend of Chun-Yi Lee/lives_die_hearts.v}}
update_compile_order -fileset sources_1
reset_run synth_1
launch_runs impl_1 -to_step write_bitstream -jobs 10
[Tue Jan  9 10:51:08 2024] Launched synth_1...
Run output will be captured here: C:/verilog project/Legend of Chun-Yi Lee/Legend of Chun-Yi Lee.runs/synth_1/runme.log
[Tue Jan  9 10:51:08 2024] Launched impl_1...
Run output will be captured here: C:/verilog project/Legend of Chun-Yi Lee/Legend of Chun-Yi Lee.runs/impl_1/runme.log
reset_run synth_1
launch_runs impl_1 -to_step write_bitstream -jobs 10
[Tue Jan  9 10:52:24 2024] Launched synth_1...
Run output will be captured here: C:/verilog project/Legend of Chun-Yi Lee/Legend of Chun-Yi Lee.runs/synth_1/runme.log
[Tue Jan  9 10:52:24 2024] Launched impl_1...
Run output will be captured here: C:/verilog project/Legend of Chun-Yi Lee/Legend of Chun-Yi Lee.runs/impl_1/runme.log
open_hw_manager
close_hw_manager
add_files -norecurse {{C:/verilog project/Legend of Chun-Yi Lee/stage_control.v}}
update_compile_order -fileset sources_1
update_compile_order -fileset sources_1
reset_run synth_1
launch_runs impl_1 -to_step write_bitstream -jobs 10
[Tue Jan  9 10:58:46 2024] Launched synth_1...
Run output will be captured here: C:/verilog project/Legend of Chun-Yi Lee/Legend of Chun-Yi Lee.runs/synth_1/runme.log
[Tue Jan  9 10:58:46 2024] Launched impl_1...
Run output will be captured here: C:/verilog project/Legend of Chun-Yi Lee/Legend of Chun-Yi Lee.runs/impl_1/runme.log
open_hw_manager
connect_hw_server -allow_non_jtag
INFO: [Labtools 27-2285] Connecting to hw_server url TCP:localhost:3121
INFO: [Labtools 27-2222] Launching hw_server...
INFO: [Labtools 27-2221] Launch Output:

****** Xilinx hw_server v2019.2
  **** Build date : Nov  6 2019 at 22:12:23
    ** Copyright 1986-2019 Xilinx, Inc. All Rights Reserved.


INFO: [Labtools 27-3415] Connecting to cs_server url TCP:localhost:3042
INFO: [Labtools 27-3417] Launching cs_server...
INFO: [Labtools 27-2221] Launch Output:


****** Xilinx cs_server v2019.2.0
  **** Build date : Nov 07 2019-13:28:22
    ** Copyright 2017-2019 Xilinx, Inc. All Rights Reserved.



connect_hw_server: Time (s): cpu = 00:00:00 ; elapsed = 00:00:06 . Memory (MB): peak = 2478.457 ; gain = 0.328
disconnect_hw_server localhost:3121
connect_hw_server -allow_non_jtag
INFO: [Labtools 27-2285] Connecting to hw_server url TCP:localhost:3121
INFO: [Labtools 27-3415] Connecting to cs_server url TCP:localhost:3042
INFO: [Labtools 27-3414] Connected to existing cs_server.
open_hw_target
INFO: [Labtoolstcl 44-466] Opening hw_target localhost:3121/xilinx_tcf/Digilent/210183711740A
current_hw_device [get_hw_devices xc7a35t_0]
refresh_hw_device -update_hw_probes false [lindex [get_hw_devices xc7a35t_0] 0]
INFO: [Labtools 27-1435] Device xc7a35t (JTAG device index = 0) is not programmed (DONE status = 0).
ERROR: [Labtoolstcl 44-513] HW Target shutdown. Closing target: localhost:3121/xilinx_tcf/Digilent/210183711740A
disconnect_hw_server localhost:3121
connect_hw_server -allow_non_jtag
INFO: [Labtools 27-2285] Connecting to hw_server url TCP:localhost:3121
INFO: [Labtools 27-3415] Connecting to cs_server url TCP:localhost:3042
INFO: [Labtools 27-3414] Connected to existing cs_server.
open_hw_target
INFO: [Labtoolstcl 44-466] Opening hw_target localhost:3121/xilinx_tcf/Digilent/210183711740A
current_hw_device [get_hw_devices xc7a35t_0]
refresh_hw_device -update_hw_probes false [lindex [get_hw_devices xc7a35t_0] 0]
INFO: [Labtools 27-1435] Device xc7a35t (JTAG device index = 0) is not programmed (DONE status = 0).
close_hw_manager
open_hw_manager
connect_hw_server -allow_non_jtag
INFO: [Labtools 27-2285] Connecting to hw_server url TCP:localhost:3121
INFO: [Labtools 27-3415] Connecting to cs_server url TCP:localhost:3042
INFO: [Labtools 27-3414] Connected to existing cs_server.
open_hw_target
INFO: [Labtoolstcl 44-466] Opening hw_target localhost:3121/xilinx_tcf/Digilent/210183711740A
current_hw_device [get_hw_devices xc7a35t_0]
refresh_hw_device -update_hw_probes false [lindex [get_hw_devices xc7a35t_0] 0]
INFO: [Labtools 27-1435] Device xc7a35t (JTAG device index = 0) is not programmed (DONE status = 0).
close_hw_manager
open_hw_manager
connect_hw_server -allow_non_jtag
INFO: [Labtools 27-2285] Connecting to hw_server url TCP:localhost:3121
INFO: [Labtools 27-3415] Connecting to cs_server url TCP:localhost:3042
INFO: [Labtools 27-3414] Connected to existing cs_server.
open_hw_target
INFO: [Labtoolstcl 44-466] Opening hw_target localhost:3121/xilinx_tcf/Digilent/210183711740A
current_hw_device [get_hw_devices xc7a35t_0]
refresh_hw_device -update_hw_probes false [lindex [get_hw_devices xc7a35t_0] 0]
INFO: [Labtools 27-1435] Device xc7a35t (JTAG device index = 0) is not programmed (DONE status = 0).
close_hw_manager
open_hw_manager
connect_hw_server -allow_non_jtag
INFO: [Labtools 27-2285] Connecting to hw_server url TCP:localhost:3121
INFO: [Labtools 27-2222] Launching hw_server...
INFO: [Labtools 27-2221] Launch Output:

****** Xilinx hw_server v2019.2
  **** Build date : Nov  6 2019 at 22:12:23
    ** Copyright 1986-2019 Xilinx, Inc. All Rights Reserved.


INFO: [Labtools 27-3415] Connecting to cs_server url TCP:localhost:3042
INFO: [Labtools 27-3417] Launching cs_server...
INFO: [Labtools 27-2221] Launch Output:


****** Xilinx cs_server v2019.2.0
  **** Build date : Nov 07 2019-13:28:22
    ** Copyright 2017-2019 Xilinx, Inc. All Rights Reserved.



connect_hw_server: Time (s): cpu = 00:00:00 ; elapsed = 00:00:06 . Memory (MB): peak = 2492.840 ; gain = 0.000
open_hw_target
INFO: [Labtoolstcl 44-466] Opening hw_target localhost:3121/xilinx_tcf/Digilent/210183711740A
set_property PROGRAM.FILE {C:/verilog project/Legend of Chun-Yi Lee/Legend of Chun-Yi Lee.runs/impl_1/Top.bit} [get_hw_devices xc7a35t_0]
current_hw_device [get_hw_devices xc7a35t_0]
refresh_hw_device -update_hw_probes false [lindex [get_hw_devices xc7a35t_0] 0]
INFO: [Labtools 27-1435] Device xc7a35t (JTAG device index = 0) is not programmed (DONE status = 0).
set_property PROBES.FILE {} [get_hw_devices xc7a35t_0]
set_property FULL_PROBES.FILE {} [get_hw_devices xc7a35t_0]
set_property PROGRAM.FILE {C:/verilog project/Legend of Chun-Yi Lee/Legend of Chun-Yi Lee.runs/impl_1/Top.bit} [get_hw_devices xc7a35t_0]
program_hw_devices [get_hw_devices xc7a35t_0]
INFO: [Labtools 27-3164] End of startup status: HIGH
refresh_hw_device [lindex [get_hw_devices xc7a35t_0] 0]
INFO: [Labtools 27-1434] Device xc7a35t (JTAG device index = 0) is programmed with a design that has no supported debug core(s) in it.
close_hw_manager
export_ip_user_files -of_objects  [get_files {{C:/verilog project/Legend of Chun-Yi Lee/lives_die_hearts.v}}] -no_script -reset -force -quiet
remove_files  {{C:/verilog project/Legend of Chun-Yi Lee/lives_die_hearts.v}}
add_files -norecurse {{C:/verilog project/Legend of Chun-Yi Lee/lives_gameover_hearts.v}}
update_compile_order -fileset sources_1
update_compile_order -fileset sources_1
update_compile_order -fileset sources_1
update_compile_order -fileset sources_1
update_compile_order -fileset sources_1
reset_run synth_1
launch_runs impl_1 -to_step write_bitstream -jobs 10
[Tue Jan  9 11:30:46 2024] Launched synth_1...
Run output will be captured here: C:/verilog project/Legend of Chun-Yi Lee/Legend of Chun-Yi Lee.runs/synth_1/runme.log
[Tue Jan  9 11:30:46 2024] Launched impl_1...
Run output will be captured here: C:/verilog project/Legend of Chun-Yi Lee/Legend of Chun-Yi Lee.runs/impl_1/runme.log
open_hw_manager
connect_hw_server -allow_non_jtag
INFO: [Labtools 27-2285] Connecting to hw_server url TCP:localhost:3121
INFO: [Labtools 27-2222] Launching hw_server...
INFO: [Labtools 27-2221] Launch Output:

****** Xilinx hw_server v2019.2
  **** Build date : Nov  6 2019 at 22:12:23
    ** Copyright 1986-2019 Xilinx, Inc. All Rights Reserved.


INFO: [Labtools 27-3415] Connecting to cs_server url TCP:localhost:3042
INFO: [Labtools 27-3417] Launching cs_server...
INFO: [Labtools 27-2221] Launch Output:


****** Xilinx cs_server v2019.2.0
  **** Build date : Nov 07 2019-13:28:22
    ** Copyright 2017-2019 Xilinx, Inc. All Rights Reserved.



connect_hw_server: Time (s): cpu = 00:00:00 ; elapsed = 00:00:06 . Memory (MB): peak = 2505.312 ; gain = 0.000
open_hw_target
INFO: [Labtoolstcl 44-466] Opening hw_target localhost:3121/xilinx_tcf/Digilent/210183711740A
set_property PROGRAM.FILE {C:/verilog project/Legend of Chun-Yi Lee/Legend of Chun-Yi Lee.runs/impl_1/Top.bit} [get_hw_devices xc7a35t_0]
current_hw_device [get_hw_devices xc7a35t_0]
refresh_hw_device -update_hw_probes false [lindex [get_hw_devices xc7a35t_0] 0]
INFO: [Labtools 27-1434] Device xc7a35t (JTAG device index = 0) is programmed with a design that has no supported debug core(s) in it.
set_property PROBES.FILE {} [get_hw_devices xc7a35t_0]
set_property FULL_PROBES.FILE {} [get_hw_devices xc7a35t_0]
set_property PROGRAM.FILE {C:/verilog project/Legend of Chun-Yi Lee/Legend of Chun-Yi Lee.runs/impl_1/Top.bit} [get_hw_devices xc7a35t_0]
program_hw_devices [get_hw_devices xc7a35t_0]
INFO: [Labtools 27-3164] End of startup status: HIGH
refresh_hw_device [lindex [get_hw_devices xc7a35t_0] 0]
INFO: [Labtools 27-1434] Device xc7a35t (JTAG device index = 0) is programmed with a design that has no supported debug core(s) in it.
ERROR: [Labtoolstcl 44-513] HW Target shutdown. Closing target: localhost:3121/xilinx_tcf/Digilent/210183711740A
reset_run synth_1
launch_runs impl_1 -to_step write_bitstream -jobs 10
[Tue Jan  9 14:00:53 2024] Launched synth_1...
Run output will be captured here: C:/verilog project/Legend of Chun-Yi Lee/Legend of Chun-Yi Lee.runs/synth_1/runme.log
[Tue Jan  9 14:00:53 2024] Launched impl_1...
Run output will be captured here: C:/verilog project/Legend of Chun-Yi Lee/Legend of Chun-Yi Lee.runs/impl_1/runme.log
reset_run synth_1
launch_runs impl_1 -to_step write_bitstream -jobs 10
INFO: [Vivado 12-4149] The synthesis checkpoint for IP 'c:/verilog project/Legend of Chun-Yi Lee/Legend of Chun-Yi Lee.srcs/sources_1/ip/BM_A/BM_A.xci' is already up-to-date
[Tue Jan  9 14:02:19 2024] Launched synth_1...
Run output will be captured here: C:/verilog project/Legend of Chun-Yi Lee/Legend of Chun-Yi Lee.runs/synth_1/runme.log
[Tue Jan  9 14:02:19 2024] Launched impl_1...
Run output will be captured here: C:/verilog project/Legend of Chun-Yi Lee/Legend of Chun-Yi Lee.runs/impl_1/runme.log
reset_run synth_1
launch_runs impl_1 -to_step write_bitstream -jobs 10
INFO: [Vivado 12-4149] The synthesis checkpoint for IP 'c:/verilog project/Legend of Chun-Yi Lee/Legend of Chun-Yi Lee.srcs/sources_1/ip/BM_A/BM_A.xci' is already up-to-date
[Tue Jan  9 14:05:54 2024] Launched synth_1...
Run output will be captured here: C:/verilog project/Legend of Chun-Yi Lee/Legend of Chun-Yi Lee.runs/synth_1/runme.log
[Tue Jan  9 14:05:54 2024] Launched impl_1...
Run output will be captured here: C:/verilog project/Legend of Chun-Yi Lee/Legend of Chun-Yi Lee.runs/impl_1/runme.log
disconnect_hw_server localhost:3121
connect_hw_server -allow_non_jtag
INFO: [Labtools 27-2285] Connecting to hw_server url TCP:localhost:3121
INFO: [Labtools 27-3415] Connecting to cs_server url TCP:localhost:3042
INFO: [Labtools 27-3414] Connected to existing cs_server.
ERROR: [Labtoolstcl 44-494] There is no active target available for server at localhost.
 Targets(s) ", jsn-Basys3-210183711740A" may be locked by another hw_server.
disconnect_hw_server localhost:3121
connect_hw_server -allow_non_jtag
INFO: [Labtools 27-2285] Connecting to hw_server url TCP:localhost:3121
INFO: [Labtools 27-3415] Connecting to cs_server url TCP:localhost:3042
INFO: [Labtools 27-3414] Connected to existing cs_server.
open_hw_target
INFO: [Labtoolstcl 44-466] Opening hw_target localhost:3121/xilinx_tcf/Digilent/210183711740A
set_property PROGRAM.FILE {C:/verilog project/Legend of Chun-Yi Lee/Legend of Chun-Yi Lee.runs/impl_1/Top.bit} [get_hw_devices xc7a35t_0]
current_hw_device [get_hw_devices xc7a35t_0]
refresh_hw_device -update_hw_probes false [lindex [get_hw_devices xc7a35t_0] 0]
INFO: [Labtools 27-1435] Device xc7a35t (JTAG device index = 0) is not programmed (DONE status = 0).
set_property PROBES.FILE {} [get_hw_devices xc7a35t_0]
set_property FULL_PROBES.FILE {} [get_hw_devices xc7a35t_0]
set_property PROGRAM.FILE {C:/verilog project/Legend of Chun-Yi Lee/Legend of Chun-Yi Lee.runs/impl_1/Top.bit} [get_hw_devices xc7a35t_0]
program_hw_devices [get_hw_devices xc7a35t_0]
INFO: [Labtools 27-3164] End of startup status: HIGH
refresh_hw_device [lindex [get_hw_devices xc7a35t_0] 0]
INFO: [Labtools 27-1434] Device xc7a35t (JTAG device index = 0) is programmed with a design that has no supported debug core(s) in it.
reset_run synth_1
launch_runs impl_1 -to_step write_bitstream -jobs 10
INFO: [Vivado 12-4149] The synthesis checkpoint for IP 'c:/verilog project/Legend of Chun-Yi Lee/Legend of Chun-Yi Lee.srcs/sources_1/ip/BM_A/BM_A.xci' is already up-to-date
[Tue Jan  9 14:17:08 2024] Launched synth_1...
Run output will be captured here: C:/verilog project/Legend of Chun-Yi Lee/Legend of Chun-Yi Lee.runs/synth_1/runme.log
[Tue Jan  9 14:17:08 2024] Launched impl_1...
Run output will be captured here: C:/verilog project/Legend of Chun-Yi Lee/Legend of Chun-Yi Lee.runs/impl_1/runme.log
set_property PROBES.FILE {} [get_hw_devices xc7a35t_0]
set_property FULL_PROBES.FILE {} [get_hw_devices xc7a35t_0]
set_property PROGRAM.FILE {C:/verilog project/Legend of Chun-Yi Lee/Legend of Chun-Yi Lee.runs/impl_1/Top.bit} [get_hw_devices xc7a35t_0]
program_hw_devices [get_hw_devices xc7a35t_0]
INFO: [Labtools 27-3164] End of startup status: HIGH
refresh_hw_device [lindex [get_hw_devices xc7a35t_0] 0]
INFO: [Labtools 27-1434] Device xc7a35t (JTAG device index = 0) is programmed with a design that has no supported debug core(s) in it.
reset_run synth_1
launch_runs impl_1 -to_step write_bitstream -jobs 10
INFO: [Vivado 12-4149] The synthesis checkpoint for IP 'c:/verilog project/Legend of Chun-Yi Lee/Legend of Chun-Yi Lee.srcs/sources_1/ip/BM_A/BM_A.xci' is already up-to-date
[Tue Jan  9 14:23:00 2024] Launched synth_1...
Run output will be captured here: C:/verilog project/Legend of Chun-Yi Lee/Legend of Chun-Yi Lee.runs/synth_1/runme.log
[Tue Jan  9 14:23:00 2024] Launched impl_1...
Run output will be captured here: C:/verilog project/Legend of Chun-Yi Lee/Legend of Chun-Yi Lee.runs/impl_1/runme.log
set_property PROBES.FILE {} [get_hw_devices xc7a35t_0]
set_property FULL_PROBES.FILE {} [get_hw_devices xc7a35t_0]
set_property PROGRAM.FILE {C:/verilog project/Legend of Chun-Yi Lee/Legend of Chun-Yi Lee.runs/impl_1/Top.bit} [get_hw_devices xc7a35t_0]
program_hw_devices [get_hw_devices xc7a35t_0]
INFO: [Labtools 27-3164] End of startup status: HIGH
refresh_hw_device [lindex [get_hw_devices xc7a35t_0] 0]
INFO: [Labtools 27-1434] Device xc7a35t (JTAG device index = 0) is programmed with a design that has no supported debug core(s) in it.
reset_run synth_1
launch_runs impl_1 -to_step write_bitstream -jobs 10
INFO: [Vivado 12-4149] The synthesis checkpoint for IP 'c:/verilog project/Legend of Chun-Yi Lee/Legend of Chun-Yi Lee.srcs/sources_1/ip/BM_A/BM_A.xci' is already up-to-date
[Tue Jan  9 14:32:18 2024] Launched synth_1...
Run output will be captured here: C:/verilog project/Legend of Chun-Yi Lee/Legend of Chun-Yi Lee.runs/synth_1/runme.log
[Tue Jan  9 14:32:18 2024] Launched impl_1...
Run output will be captured here: C:/verilog project/Legend of Chun-Yi Lee/Legend of Chun-Yi Lee.runs/impl_1/runme.log
set_property PROBES.FILE {} [get_hw_devices xc7a35t_0]
set_property FULL_PROBES.FILE {} [get_hw_devices xc7a35t_0]
set_property PROGRAM.FILE {C:/verilog project/Legend of Chun-Yi Lee/Legend of Chun-Yi Lee.runs/impl_1/Top.bit} [get_hw_devices xc7a35t_0]
program_hw_devices [get_hw_devices xc7a35t_0]
INFO: [Labtools 27-3164] End of startup status: HIGH
refresh_hw_device [lindex [get_hw_devices xc7a35t_0] 0]
INFO: [Labtools 27-1434] Device xc7a35t (JTAG device index = 0) is programmed with a design that has no supported debug core(s) in it.
reset_run synth_1
launch_runs impl_1 -to_step write_bitstream -jobs 10
INFO: [Vivado 12-4149] The synthesis checkpoint for IP 'c:/verilog project/Legend of Chun-Yi Lee/Legend of Chun-Yi Lee.srcs/sources_1/ip/BM_A/BM_A.xci' is already up-to-date
[Tue Jan  9 14:40:53 2024] Launched synth_1...
Run output will be captured here: C:/verilog project/Legend of Chun-Yi Lee/Legend of Chun-Yi Lee.runs/synth_1/runme.log
[Tue Jan  9 14:40:53 2024] Launched impl_1...
Run output will be captured here: C:/verilog project/Legend of Chun-Yi Lee/Legend of Chun-Yi Lee.runs/impl_1/runme.log
set_property PROBES.FILE {} [get_hw_devices xc7a35t_0]
set_property FULL_PROBES.FILE {} [get_hw_devices xc7a35t_0]
set_property PROGRAM.FILE {C:/verilog project/Legend of Chun-Yi Lee/Legend of Chun-Yi Lee.runs/impl_1/Top.bit} [get_hw_devices xc7a35t_0]
program_hw_devices [get_hw_devices xc7a35t_0]
INFO: [Labtools 27-3164] End of startup status: HIGH
refresh_hw_device [lindex [get_hw_devices xc7a35t_0] 0]
INFO: [Labtools 27-1434] Device xc7a35t (JTAG device index = 0) is programmed with a design that has no supported debug core(s) in it.
reset_run synth_1
launch_runs impl_1 -to_step write_bitstream -jobs 10
INFO: [Vivado 12-4149] The synthesis checkpoint for IP 'c:/verilog project/Legend of Chun-Yi Lee/Legend of Chun-Yi Lee.srcs/sources_1/ip/BM_A/BM_A.xci' is already up-to-date
[Tue Jan  9 14:48:16 2024] Launched synth_1...
Run output will be captured here: C:/verilog project/Legend of Chun-Yi Lee/Legend of Chun-Yi Lee.runs/synth_1/runme.log
[Tue Jan  9 14:48:16 2024] Launched impl_1...
Run output will be captured here: C:/verilog project/Legend of Chun-Yi Lee/Legend of Chun-Yi Lee.runs/impl_1/runme.log
open_run impl_1
INFO: [Device 21-403] Loading part xc7a35tcpg236-1
INFO: [Common 17-41] Interrupt caught. Command should exit soon.
Netlist sorting complete. Time (s): cpu = 00:00:00 ; elapsed = 00:00:00.118 . Memory (MB): peak = 2813.879 ; gain = 0.000
INFO: [Netlist 29-17] Analyzing 2275 Unisim elements for replacement
INFO: [Netlist 29-28] Unisim Transformation completed in 0 CPU seconds
INFO: [Project 1-479] Netlist was created with Vivado 2019.2
open_run: Time (s): cpu = 00:00:06 ; elapsed = 00:00:12 . Memory (MB): peak = 2831.824 ; gain = 252.820
INFO: [Common 17-344] 'open_run' was cancelled
set_property PROBES.FILE {} [get_hw_devices xc7a35t_0]
set_property FULL_PROBES.FILE {} [get_hw_devices xc7a35t_0]
set_property PROGRAM.FILE {C:/verilog project/Legend of Chun-Yi Lee/Legend of Chun-Yi Lee.runs/impl_1/Top.bit} [get_hw_devices xc7a35t_0]
program_hw_devices [get_hw_devices xc7a35t_0]
INFO: [Labtools 27-3164] End of startup status: HIGH
refresh_hw_device [lindex [get_hw_devices xc7a35t_0] 0]
INFO: [Labtools 27-1434] Device xc7a35t (JTAG device index = 0) is programmed with a design that has no supported debug core(s) in it.
ERROR: [Labtoolstcl 44-513] HW Target shutdown. Closing target: localhost:3121/xilinx_tcf/Digilent/210183711740A
INFO: [Labtoolstcl 44-466] Opening hw_target localhost:3121/xilinx_tcf/Digilent/210183711740A
INFO: [Labtools 27-1434] Device xc7a35t (JTAG device index = 0) is programmed with a design that has no supported debug core(s) in it.
WARNING: [Labtoolstcl 44-129] No matching hw_ila_data was found.
ERROR: [Labtoolstcl 44-513] HW Target shutdown. Closing target: localhost:3121/xilinx_tcf/Digilent/210183711740A
INFO: [Labtoolstcl 44-466] Opening hw_target localhost:3121/xilinx_tcf/Digilent/210183711740A
INFO: [Labtools 27-1434] Device xc7a35t (JTAG device index = 0) is programmed with a design that has no supported debug core(s) in it.
WARNING: [Labtoolstcl 44-129] No matching hw_ila_data was found.
ERROR: [Labtoolstcl 44-513] HW Target shutdown. Closing target: localhost:3121/xilinx_tcf/Digilent/210183711740A
close_hw_manager
WARNING: [IP_Flow 19-4067] Ignoring invalid widget type specified checkbox.Providing a default widget
WARNING: [IP_Flow 19-4067] Ignoring invalid widget type specified checkbox.Providing a default widget
WARNING: [IP_Flow 19-4067] Ignoring invalid widget type specified checkbox.Providing a default widget
WARNING: [IP_Flow 19-4067] Ignoring invalid widget type specified checkbox.Providing a default widget
INFO: [IP_Flow 19-3484] Absolute path of file 'c:/verilog project/Legend of Chun-Yi Lee/Assets/G.coe' provided. It will be converted relative to IP Instance files '../../../../Assets/G.coe'
set_property -dict [list CONFIG.Coe_File {C:/verilog project/Legend of Chun-Yi Lee/Assets/G.coe}] [get_ips BM_G]
INFO: [IP_Flow 19-3484] Absolute path of file 'c:/verilog project/Legend of Chun-Yi Lee/Assets/G.coe' provided. It will be converted relative to IP Instance files '../../../../Assets/G.coe'
generate_target all [get_files  {{C:/verilog project/Legend of Chun-Yi Lee/Legend of Chun-Yi Lee.srcs/sources_1/ip/BM_G/BM_G.xci}}]
INFO: [IP_Flow 19-1686] Generating 'Instantiation Template' target for IP 'BM_G'...
INFO: [IP_Flow 19-1686] Generating 'Synthesis' target for IP 'BM_G'...
INFO: [IP_Flow 19-1686] Generating 'Simulation' target for IP 'BM_G'...
INFO: [IP_Flow 19-1686] Generating 'Miscellaneous' target for IP 'BM_G'...
INFO: [IP_Flow 19-1686] Generating 'Change Log' target for IP 'BM_G'...
catch { config_ip_cache -export [get_ips -all BM_G] }
export_ip_user_files -of_objects [get_files {{C:/verilog project/Legend of Chun-Yi Lee/Legend of Chun-Yi Lee.srcs/sources_1/ip/BM_G/BM_G.xci}}] -no_script -sync -force -quiet
reset_run BM_G_synth_1
launch_runs -jobs 10 BM_G_synth_1
[Tue Jan  9 16:56:39 2024] Launched BM_G_synth_1...
Run output will be captured here: C:/verilog project/Legend of Chun-Yi Lee/Legend of Chun-Yi Lee.runs/BM_G_synth_1/runme.log
export_simulation -of_objects [get_files {{C:/verilog project/Legend of Chun-Yi Lee/Legend of Chun-Yi Lee.srcs/sources_1/ip/BM_G/BM_G.xci}}] -directory {C:/verilog project/Legend of Chun-Yi Lee/Legend of Chun-Yi Lee.ip_user_files/sim_scripts} -ip_user_files_dir {C:/verilog project/Legend of Chun-Yi Lee/Legend of Chun-Yi Lee.ip_user_files} -ipstatic_source_dir {C:/verilog project/Legend of Chun-Yi Lee/Legend of Chun-Yi Lee.ip_user_files/ipstatic} -lib_map_path [list {modelsim=C:/verilog project/Legend of Chun-Yi Lee/Legend of Chun-Yi Lee.cache/compile_simlib/modelsim} {questa=C:/verilog project/Legend of Chun-Yi Lee/Legend of Chun-Yi Lee.cache/compile_simlib/questa} {riviera=C:/verilog project/Legend of Chun-Yi Lee/Legend of Chun-Yi Lee.cache/compile_simlib/riviera} {activehdl=C:/verilog project/Legend of Chun-Yi Lee/Legend of Chun-Yi Lee.cache/compile_simlib/activehdl}] -use_ip_compiled_libs -force -quiet
WARNING: [IP_Flow 19-4067] Ignoring invalid widget type specified checkbox.Providing a default widget
WARNING: [IP_Flow 19-4067] Ignoring invalid widget type specified checkbox.Providing a default widget
INFO: [IP_Flow 19-3484] Absolute path of file 'c:/verilog project/Legend of Chun-Yi Lee/Assets/A.coe' provided. It will be converted relative to IP Instance files '../../../../Assets/A.coe'
set_property -dict [list CONFIG.Coe_File {C:/verilog project/Legend of Chun-Yi Lee/Assets/A.coe}] [get_ips BM_A]
INFO: [IP_Flow 19-3484] Absolute path of file 'c:/verilog project/Legend of Chun-Yi Lee/Assets/A.coe' provided. It will be converted relative to IP Instance files '../../../../Assets/A.coe'
generate_target all [get_files  {{c:/verilog project/Legend of Chun-Yi Lee/Legend of Chun-Yi Lee.srcs/sources_1/ip/BM_A/BM_A.xci}}]
INFO: [IP_Flow 19-1686] Generating 'Instantiation Template' target for IP 'BM_A'...
INFO: [IP_Flow 19-1686] Generating 'Synthesis' target for IP 'BM_A'...
INFO: [IP_Flow 19-1686] Generating 'Simulation' target for IP 'BM_A'...
INFO: [IP_Flow 19-1686] Generating 'Miscellaneous' target for IP 'BM_A'...
INFO: [IP_Flow 19-1686] Generating 'Change Log' target for IP 'BM_A'...
catch { config_ip_cache -export [get_ips -all BM_A] }
export_ip_user_files -of_objects [get_files {{c:/verilog project/Legend of Chun-Yi Lee/Legend of Chun-Yi Lee.srcs/sources_1/ip/BM_A/BM_A.xci}}] -no_script -sync -force -quiet
create_ip_run [get_files -of_objects [get_fileset sources_1] {{c:/verilog project/Legend of Chun-Yi Lee/Legend of Chun-Yi Lee.srcs/sources_1/ip/BM_A/BM_A.xci}}]
launch_runs -jobs 10 BM_A_synth_1
[Tue Jan  9 16:56:59 2024] Launched BM_A_synth_1...
Run output will be captured here: C:/verilog project/Legend of Chun-Yi Lee/Legend of Chun-Yi Lee.runs/BM_A_synth_1/runme.log
export_simulation -of_objects [get_files {{c:/verilog project/Legend of Chun-Yi Lee/Legend of Chun-Yi Lee.srcs/sources_1/ip/BM_A/BM_A.xci}}] -directory {C:/verilog project/Legend of Chun-Yi Lee/Legend of Chun-Yi Lee.ip_user_files/sim_scripts} -ip_user_files_dir {C:/verilog project/Legend of Chun-Yi Lee/Legend of Chun-Yi Lee.ip_user_files} -ipstatic_source_dir {C:/verilog project/Legend of Chun-Yi Lee/Legend of Chun-Yi Lee.ip_user_files/ipstatic} -lib_map_path [list {modelsim=C:/verilog project/Legend of Chun-Yi Lee/Legend of Chun-Yi Lee.cache/compile_simlib/modelsim} {questa=C:/verilog project/Legend of Chun-Yi Lee/Legend of Chun-Yi Lee.cache/compile_simlib/questa} {riviera=C:/verilog project/Legend of Chun-Yi Lee/Legend of Chun-Yi Lee.cache/compile_simlib/riviera} {activehdl=C:/verilog project/Legend of Chun-Yi Lee/Legend of Chun-Yi Lee.cache/compile_simlib/activehdl}] -use_ip_compiled_libs -force -quiet
WARNING: [IP_Flow 19-4067] Ignoring invalid widget type specified checkbox.Providing a default widget
WARNING: [IP_Flow 19-4067] Ignoring invalid widget type specified checkbox.Providing a default widget
INFO: [IP_Flow 19-3484] Absolute path of file 'c:/verilog project/Legend of Chun-Yi Lee/Assets/M.coe' provided. It will be converted relative to IP Instance files '../../../../Assets/M.coe'
set_property -dict [list CONFIG.Coe_File {C:/verilog project/Legend of Chun-Yi Lee/Assets/M.coe}] [get_ips BM_M]
INFO: [IP_Flow 19-3484] Absolute path of file 'c:/verilog project/Legend of Chun-Yi Lee/Assets/M.coe' provided. It will be converted relative to IP Instance files '../../../../Assets/M.coe'
generate_target all [get_files  {{C:/verilog project/Legend of Chun-Yi Lee/Legend of Chun-Yi Lee.srcs/sources_1/ip/BM_M/BM_M.xci}}]
INFO: [IP_Flow 19-1686] Generating 'Instantiation Template' target for IP 'BM_M'...
INFO: [IP_Flow 19-1686] Generating 'Synthesis' target for IP 'BM_M'...
INFO: [IP_Flow 19-1686] Generating 'Simulation' target for IP 'BM_M'...
INFO: [IP_Flow 19-1686] Generating 'Miscellaneous' target for IP 'BM_M'...
INFO: [IP_Flow 19-1686] Generating 'Change Log' target for IP 'BM_M'...
catch { config_ip_cache -export [get_ips -all BM_M] }
export_ip_user_files -of_objects [get_files {{C:/verilog project/Legend of Chun-Yi Lee/Legend of Chun-Yi Lee.srcs/sources_1/ip/BM_M/BM_M.xci}}] -no_script -sync -force -quiet
reset_run BM_M_synth_1
WARNING: [Vivado 12-1017] Problems encountered:
1. Failed to delete one or more files in run directory C:/verilog project/Legend of Chun-Yi Lee/Legend of Chun-Yi Lee.runs/BM_M_synth_1

launch_runs -jobs 10 BM_M_synth_1
[Tue Jan  9 16:57:16 2024] Launched BM_M_synth_1...
Run output will be captured here: C:/verilog project/Legend of Chun-Yi Lee/Legend of Chun-Yi Lee.runs/BM_M_synth_1/runme.log
export_simulation -of_objects [get_files {{C:/verilog project/Legend of Chun-Yi Lee/Legend of Chun-Yi Lee.srcs/sources_1/ip/BM_M/BM_M.xci}}] -directory {C:/verilog project/Legend of Chun-Yi Lee/Legend of Chun-Yi Lee.ip_user_files/sim_scripts} -ip_user_files_dir {C:/verilog project/Legend of Chun-Yi Lee/Legend of Chun-Yi Lee.ip_user_files} -ipstatic_source_dir {C:/verilog project/Legend of Chun-Yi Lee/Legend of Chun-Yi Lee.ip_user_files/ipstatic} -lib_map_path [list {modelsim=C:/verilog project/Legend of Chun-Yi Lee/Legend of Chun-Yi Lee.cache/compile_simlib/modelsim} {questa=C:/verilog project/Legend of Chun-Yi Lee/Legend of Chun-Yi Lee.cache/compile_simlib/questa} {riviera=C:/verilog project/Legend of Chun-Yi Lee/Legend of Chun-Yi Lee.cache/compile_simlib/riviera} {activehdl=C:/verilog project/Legend of Chun-Yi Lee/Legend of Chun-Yi Lee.cache/compile_simlib/activehdl}] -use_ip_compiled_libs -force -quiet
WARNING: [IP_Flow 19-4067] Ignoring invalid widget type specified checkbox.Providing a default widget
WARNING: [IP_Flow 19-4067] Ignoring invalid widget type specified checkbox.Providing a default widget
INFO: [IP_Flow 19-3484] Absolute path of file 'c:/verilog project/Legend of Chun-Yi Lee/Assets/E.coe' provided. It will be converted relative to IP Instance files '../../../../Assets/E.coe'
set_property -dict [list CONFIG.Coe_File {C:/verilog project/Legend of Chun-Yi Lee/Assets/E.coe}] [get_ips BM_E]
INFO: [IP_Flow 19-3484] Absolute path of file 'c:/verilog project/Legend of Chun-Yi Lee/Assets/E.coe' provided. It will be converted relative to IP Instance files '../../../../Assets/E.coe'
generate_target all [get_files  {{c:/verilog project/Legend of Chun-Yi Lee/Legend of Chun-Yi Lee.srcs/sources_1/ip/BM_E/BM_E.xci}}]
INFO: [IP_Flow 19-1686] Generating 'Instantiation Template' target for IP 'BM_E'...
INFO: [IP_Flow 19-1686] Generating 'Synthesis' target for IP 'BM_E'...
INFO: [IP_Flow 19-1686] Generating 'Simulation' target for IP 'BM_E'...
INFO: [IP_Flow 19-1686] Generating 'Miscellaneous' target for IP 'BM_E'...
INFO: [IP_Flow 19-1686] Generating 'Change Log' target for IP 'BM_E'...
catch { config_ip_cache -export [get_ips -all BM_E] }
export_ip_user_files -of_objects [get_files {{c:/verilog project/Legend of Chun-Yi Lee/Legend of Chun-Yi Lee.srcs/sources_1/ip/BM_E/BM_E.xci}}] -no_script -sync -force -quiet
reset_run BM_E_synth_1
WARNING: [Vivado 12-1017] Problems encountered:
1. Failed to delete one or more files in run directory C:/verilog project/Legend of Chun-Yi Lee/Legend of Chun-Yi Lee.runs/BM_E_synth_1

launch_runs -jobs 10 BM_E_synth_1
[Tue Jan  9 16:57:42 2024] Launched BM_E_synth_1...
Run output will be captured here: C:/verilog project/Legend of Chun-Yi Lee/Legend of Chun-Yi Lee.runs/BM_E_synth_1/runme.log
export_simulation -of_objects [get_files {{c:/verilog project/Legend of Chun-Yi Lee/Legend of Chun-Yi Lee.srcs/sources_1/ip/BM_E/BM_E.xci}}] -directory {C:/verilog project/Legend of Chun-Yi Lee/Legend of Chun-Yi Lee.ip_user_files/sim_scripts} -ip_user_files_dir {C:/verilog project/Legend of Chun-Yi Lee/Legend of Chun-Yi Lee.ip_user_files} -ipstatic_source_dir {C:/verilog project/Legend of Chun-Yi Lee/Legend of Chun-Yi Lee.ip_user_files/ipstatic} -lib_map_path [list {modelsim=C:/verilog project/Legend of Chun-Yi Lee/Legend of Chun-Yi Lee.cache/compile_simlib/modelsim} {questa=C:/verilog project/Legend of Chun-Yi Lee/Legend of Chun-Yi Lee.cache/compile_simlib/questa} {riviera=C:/verilog project/Legend of Chun-Yi Lee/Legend of Chun-Yi Lee.cache/compile_simlib/riviera} {activehdl=C:/verilog project/Legend of Chun-Yi Lee/Legend of Chun-Yi Lee.cache/compile_simlib/activehdl}] -use_ip_compiled_libs -force -quiet
WARNING: [IP_Flow 19-4067] Ignoring invalid widget type specified checkbox.Providing a default widget
WARNING: [IP_Flow 19-4067] Ignoring invalid widget type specified checkbox.Providing a default widget
INFO: [IP_Flow 19-3484] Absolute path of file 'c:/verilog project/Legend of Chun-Yi Lee/Assets/O.coe' provided. It will be converted relative to IP Instance files '../../../../Assets/O.coe'
set_property -dict [list CONFIG.Coe_File {C:/verilog project/Legend of Chun-Yi Lee/Assets/O.coe}] [get_ips BM_O]
INFO: [IP_Flow 19-3484] Absolute path of file 'c:/verilog project/Legend of Chun-Yi Lee/Assets/O.coe' provided. It will be converted relative to IP Instance files '../../../../Assets/O.coe'
generate_target all [get_files  {{c:/verilog project/Legend of Chun-Yi Lee/Legend of Chun-Yi Lee.srcs/sources_1/ip/BM_O/BM_O.xci}}]
INFO: [IP_Flow 19-1686] Generating 'Instantiation Template' target for IP 'BM_O'...
INFO: [IP_Flow 19-1686] Generating 'Synthesis' target for IP 'BM_O'...
INFO: [IP_Flow 19-1686] Generating 'Simulation' target for IP 'BM_O'...
INFO: [IP_Flow 19-1686] Generating 'Miscellaneous' target for IP 'BM_O'...
INFO: [IP_Flow 19-1686] Generating 'Change Log' target for IP 'BM_O'...
catch { config_ip_cache -export [get_ips -all BM_O] }
export_ip_user_files -of_objects [get_files {{c:/verilog project/Legend of Chun-Yi Lee/Legend of Chun-Yi Lee.srcs/sources_1/ip/BM_O/BM_O.xci}}] -no_script -sync -force -quiet
reset_run BM_O_synth_1
WARNING: [Vivado 12-1017] Problems encountered:
1. Failed to delete one or more files in run directory C:/verilog project/Legend of Chun-Yi Lee/Legend of Chun-Yi Lee.runs/BM_O_synth_1

launch_runs -jobs 10 BM_O_synth_1
[Tue Jan  9 16:58:00 2024] Launched BM_O_synth_1...
Run output will be captured here: C:/verilog project/Legend of Chun-Yi Lee/Legend of Chun-Yi Lee.runs/BM_O_synth_1/runme.log
export_simulation -of_objects [get_files {{c:/verilog project/Legend of Chun-Yi Lee/Legend of Chun-Yi Lee.srcs/sources_1/ip/BM_O/BM_O.xci}}] -directory {C:/verilog project/Legend of Chun-Yi Lee/Legend of Chun-Yi Lee.ip_user_files/sim_scripts} -ip_user_files_dir {C:/verilog project/Legend of Chun-Yi Lee/Legend of Chun-Yi Lee.ip_user_files} -ipstatic_source_dir {C:/verilog project/Legend of Chun-Yi Lee/Legend of Chun-Yi Lee.ip_user_files/ipstatic} -lib_map_path [list {modelsim=C:/verilog project/Legend of Chun-Yi Lee/Legend of Chun-Yi Lee.cache/compile_simlib/modelsim} {questa=C:/verilog project/Legend of Chun-Yi Lee/Legend of Chun-Yi Lee.cache/compile_simlib/questa} {riviera=C:/verilog project/Legend of Chun-Yi Lee/Legend of Chun-Yi Lee.cache/compile_simlib/riviera} {activehdl=C:/verilog project/Legend of Chun-Yi Lee/Legend of Chun-Yi Lee.cache/compile_simlib/activehdl}] -use_ip_compiled_libs -force -quiet
WARNING: [IP_Flow 19-4067] Ignoring invalid widget type specified checkbox.Providing a default widget
WARNING: [IP_Flow 19-4067] Ignoring invalid widget type specified checkbox.Providing a default widget
INFO: [IP_Flow 19-3484] Absolute path of file 'c:/verilog project/Legend of Chun-Yi Lee/Assets/V.coe' provided. It will be converted relative to IP Instance files '../../../../Assets/V.coe'
set_property -dict [list CONFIG.Coe_File {C:/verilog project/Legend of Chun-Yi Lee/Assets/V.coe}] [get_ips BM_V]
INFO: [IP_Flow 19-3484] Absolute path of file 'c:/verilog project/Legend of Chun-Yi Lee/Assets/V.coe' provided. It will be converted relative to IP Instance files '../../../../Assets/V.coe'
generate_target all [get_files  {{c:/verilog project/Legend of Chun-Yi Lee/Legend of Chun-Yi Lee.srcs/sources_1/ip/BM_V/BM_V.xci}}]
INFO: [IP_Flow 19-1686] Generating 'Instantiation Template' target for IP 'BM_V'...
INFO: [IP_Flow 19-1686] Generating 'Synthesis' target for IP 'BM_V'...
INFO: [IP_Flow 19-1686] Generating 'Simulation' target for IP 'BM_V'...
INFO: [IP_Flow 19-1686] Generating 'Miscellaneous' target for IP 'BM_V'...
INFO: [IP_Flow 19-1686] Generating 'Change Log' target for IP 'BM_V'...
catch { config_ip_cache -export [get_ips -all BM_V] }
export_ip_user_files -of_objects [get_files {{c:/verilog project/Legend of Chun-Yi Lee/Legend of Chun-Yi Lee.srcs/sources_1/ip/BM_V/BM_V.xci}}] -no_script -sync -force -quiet
reset_run BM_V_synth_1
WARNING: [Vivado 12-1017] Problems encountered:
1. Failed to delete one or more files in run directory C:/verilog project/Legend of Chun-Yi Lee/Legend of Chun-Yi Lee.runs/BM_V_synth_1

launch_runs -jobs 10 BM_V_synth_1
[Tue Jan  9 16:58:17 2024] Launched BM_V_synth_1...
Run output will be captured here: C:/verilog project/Legend of Chun-Yi Lee/Legend of Chun-Yi Lee.runs/BM_V_synth_1/runme.log
export_simulation -of_objects [get_files {{c:/verilog project/Legend of Chun-Yi Lee/Legend of Chun-Yi Lee.srcs/sources_1/ip/BM_V/BM_V.xci}}] -directory {C:/verilog project/Legend of Chun-Yi Lee/Legend of Chun-Yi Lee.ip_user_files/sim_scripts} -ip_user_files_dir {C:/verilog project/Legend of Chun-Yi Lee/Legend of Chun-Yi Lee.ip_user_files} -ipstatic_source_dir {C:/verilog project/Legend of Chun-Yi Lee/Legend of Chun-Yi Lee.ip_user_files/ipstatic} -lib_map_path [list {modelsim=C:/verilog project/Legend of Chun-Yi Lee/Legend of Chun-Yi Lee.cache/compile_simlib/modelsim} {questa=C:/verilog project/Legend of Chun-Yi Lee/Legend of Chun-Yi Lee.cache/compile_simlib/questa} {riviera=C:/verilog project/Legend of Chun-Yi Lee/Legend of Chun-Yi Lee.cache/compile_simlib/riviera} {activehdl=C:/verilog project/Legend of Chun-Yi Lee/Legend of Chun-Yi Lee.cache/compile_simlib/activehdl}] -use_ip_compiled_libs -force -quiet
WARNING: [IP_Flow 19-4067] Ignoring invalid widget type specified checkbox.Providing a default widget
WARNING: [IP_Flow 19-4067] Ignoring invalid widget type specified checkbox.Providing a default widget
INFO: [IP_Flow 19-3484] Absolute path of file 'c:/verilog project/Legend of Chun-Yi Lee/Assets/R.coe' provided. It will be converted relative to IP Instance files '../../../../Assets/R.coe'
set_property -dict [list CONFIG.Coe_File {C:/verilog project/Legend of Chun-Yi Lee/Assets/R.coe}] [get_ips BM_R]
INFO: [IP_Flow 19-3484] Absolute path of file 'c:/verilog project/Legend of Chun-Yi Lee/Assets/R.coe' provided. It will be converted relative to IP Instance files '../../../../Assets/R.coe'
generate_target all [get_files  {{c:/verilog project/Legend of Chun-Yi Lee/Legend of Chun-Yi Lee.srcs/sources_1/ip/BM_R/BM_R.xci}}]
INFO: [IP_Flow 19-1686] Generating 'Instantiation Template' target for IP 'BM_R'...
INFO: [IP_Flow 19-1686] Generating 'Synthesis' target for IP 'BM_R'...
INFO: [IP_Flow 19-1686] Generating 'Simulation' target for IP 'BM_R'...
INFO: [IP_Flow 19-1686] Generating 'Miscellaneous' target for IP 'BM_R'...
INFO: [IP_Flow 19-1686] Generating 'Change Log' target for IP 'BM_R'...
catch { config_ip_cache -export [get_ips -all BM_R] }
export_ip_user_files -of_objects [get_files {{c:/verilog project/Legend of Chun-Yi Lee/Legend of Chun-Yi Lee.srcs/sources_1/ip/BM_R/BM_R.xci}}] -no_script -sync -force -quiet
reset_run BM_R_synth_1
WARNING: [Vivado 12-1017] Problems encountered:
1. Failed to delete one or more files in run directory C:/verilog project/Legend of Chun-Yi Lee/Legend of Chun-Yi Lee.runs/BM_R_synth_1

launch_runs -jobs 10 BM_R_synth_1
[Tue Jan  9 16:58:37 2024] Launched BM_R_synth_1...
Run output will be captured here: C:/verilog project/Legend of Chun-Yi Lee/Legend of Chun-Yi Lee.runs/BM_R_synth_1/runme.log
export_simulation -of_objects [get_files {{c:/verilog project/Legend of Chun-Yi Lee/Legend of Chun-Yi Lee.srcs/sources_1/ip/BM_R/BM_R.xci}}] -directory {C:/verilog project/Legend of Chun-Yi Lee/Legend of Chun-Yi Lee.ip_user_files/sim_scripts} -ip_user_files_dir {C:/verilog project/Legend of Chun-Yi Lee/Legend of Chun-Yi Lee.ip_user_files} -ipstatic_source_dir {C:/verilog project/Legend of Chun-Yi Lee/Legend of Chun-Yi Lee.ip_user_files/ipstatic} -lib_map_path [list {modelsim=C:/verilog project/Legend of Chun-Yi Lee/Legend of Chun-Yi Lee.cache/compile_simlib/modelsim} {questa=C:/verilog project/Legend of Chun-Yi Lee/Legend of Chun-Yi Lee.cache/compile_simlib/questa} {riviera=C:/verilog project/Legend of Chun-Yi Lee/Legend of Chun-Yi Lee.cache/compile_simlib/riviera} {activehdl=C:/verilog project/Legend of Chun-Yi Lee/Legend of Chun-Yi Lee.cache/compile_simlib/activehdl}] -use_ip_compiled_libs -force -quiet
reset_run synth_1
WARNING: [Vivado 12-1017] Problems encountered:
1. Failed to delete one or more files in run directory C:/verilog project/Legend of Chun-Yi Lee/Legend of Chun-Yi Lee.runs/synth_1

reset_run BM_CY_front_walk_L_synth_1
WARNING: [Vivado 12-1017] Problems encountered:
1. Failed to delete one or more files in run directory C:/verilog project/Legend of Chun-Yi Lee/Legend of Chun-Yi Lee.runs/BM_CY_front_walk_L_synth_1

reset_run BM_CY_front_walk_R_synth_1
WARNING: [Vivado 12-1017] Problems encountered:
1. Failed to delete one or more files in run directory C:/verilog project/Legend of Chun-Yi Lee/Legend of Chun-Yi Lee.runs/BM_CY_front_walk_R_synth_1

reset_run BM_CY_right_stand_synth_1
WARNING: [Vivado 12-1017] Problems encountered:
1. Failed to delete one or more files in run directory C:/verilog project/Legend of Chun-Yi Lee/Legend of Chun-Yi Lee.runs/BM_CY_right_stand_synth_1

reset_run BM_CY_right_walk_synth_1
WARNING: [Vivado 12-1017] Problems encountered:
1. Failed to delete one or more files in run directory C:/verilog project/Legend of Chun-Yi Lee/Legend of Chun-Yi Lee.runs/BM_CY_right_walk_synth_1

reset_run BM_CY_left_stand_synth_1
WARNING: [Vivado 12-1017] Problems encountered:
1. Failed to delete one or more files in run directory C:/verilog project/Legend of Chun-Yi Lee/Legend of Chun-Yi Lee.runs/BM_CY_left_stand_synth_1

reset_run BM_CY_left_walk_synth_1
WARNING: [Vivado 12-1017] Problems encountered:
1. Failed to delete one or more files in run directory C:/verilog project/Legend of Chun-Yi Lee/Legend of Chun-Yi Lee.runs/BM_CY_left_walk_synth_1

reset_run BM_CY_back_stand_synth_1
WARNING: [Vivado 12-1017] Problems encountered:
1. Failed to delete one or more files in run directory C:/verilog project/Legend of Chun-Yi Lee/Legend of Chun-Yi Lee.runs/BM_CY_back_stand_synth_1

reset_run BM_CY_back_walk_L_synth_1
WARNING: [Vivado 12-1017] Problems encountered:
1. Failed to delete one or more files in run directory C:/verilog project/Legend of Chun-Yi Lee/Legend of Chun-Yi Lee.runs/BM_CY_back_walk_L_synth_1

reset_run BM_CY_back_walk_R_synth_1
WARNING: [Vivado 12-1017] Problems encountered:
1. Failed to delete one or more files in run directory C:/verilog project/Legend of Chun-Yi Lee/Legend of Chun-Yi Lee.runs/BM_CY_back_walk_R_synth_1

reset_run BM_overwall_wall_synth_1
WARNING: [Vivado 12-1017] Problems encountered:
1. Failed to delete one or more files in run directory C:/verilog project/Legend of Chun-Yi Lee/Legend of Chun-Yi Lee.runs/BM_overwall_wall_synth_1

reset_run BM_computer_room_entrance_synth_1
WARNING: [Vivado 12-1017] Problems encountered:
1. Failed to delete one or more files in run directory C:/verilog project/Legend of Chun-Yi Lee/Legend of Chun-Yi Lee.runs/BM_computer_room_entrance_synth_1

reset_run BM_CS_student_L_synth_1
WARNING: [Vivado 12-1017] Problems encountered:
1. Failed to delete one or more files in run directory C:/verilog project/Legend of Chun-Yi Lee/Legend of Chun-Yi Lee.runs/BM_CS_student_L_synth_1

reset_run BM_CS_student_R_synth_1
WARNING: [Vivado 12-1017] Problems encountered:
1. Failed to delete one or more files in run directory C:/verilog project/Legend of Chun-Yi Lee/Legend of Chun-Yi Lee.runs/BM_CS_student_R_synth_1

reset_run BM_CY_front_stand_synth_1
WARNING: [Vivado 12-1017] Problems encountered:
1. Failed to delete one or more files in run directory C:/verilog project/Legend of Chun-Yi Lee/Legend of Chun-Yi Lee.runs/BM_CY_front_stand_synth_1

reset_run BM_CY_back_attack_synth_1
WARNING: [Vivado 12-1017] Problems encountered:
1. Failed to delete one or more files in run directory C:/verilog project/Legend of Chun-Yi Lee/Legend of Chun-Yi Lee.runs/BM_CY_back_attack_synth_1

reset_run BM_CY_front_attack_synth_1
WARNING: [Vivado 12-1017] Problems encountered:
1. Failed to delete one or more files in run directory C:/verilog project/Legend of Chun-Yi Lee/Legend of Chun-Yi Lee.runs/BM_CY_front_attack_synth_1

reset_run BM_CY_left_attack_synth_1
WARNING: [Vivado 12-1017] Problems encountered:
1. Failed to delete one or more files in run directory C:/verilog project/Legend of Chun-Yi Lee/Legend of Chun-Yi Lee.runs/BM_CY_left_attack_synth_1

reset_run BM_CY_right_attack_synth_1
WARNING: [Vivado 12-1017] Problems encountered:
1. Failed to delete one or more files in run directory C:/verilog project/Legend of Chun-Yi Lee/Legend of Chun-Yi Lee.runs/BM_CY_right_attack_synth_1

reset_run BM_heart_synth_1
WARNING: [Vivado 12-1017] Problems encountered:
1. Failed to delete one or more files in run directory C:/verilog project/Legend of Chun-Yi Lee/Legend of Chun-Yi Lee.runs/BM_heart_synth_1

reset_run BM_wooden_fpga_down_synth_1
WARNING: [Vivado 12-1017] Problems encountered:
1. Failed to delete one or more files in run directory C:/verilog project/Legend of Chun-Yi Lee/Legend of Chun-Yi Lee.runs/BM_wooden_fpga_down_synth_1

reset_run BM_wooden_fpga_up_synth_1
WARNING: [Vivado 12-1017] Problems encountered:
1. Failed to delete one or more files in run directory C:/verilog project/Legend of Chun-Yi Lee/Legend of Chun-Yi Lee.runs/BM_wooden_fpga_up_synth_1

reset_run BM_wooden_fpga_left_synth_1
WARNING: [Vivado 12-1017] Problems encountered:
1. Failed to delete one or more files in run directory C:/verilog project/Legend of Chun-Yi Lee/Legend of Chun-Yi Lee.runs/BM_wooden_fpga_left_synth_1

reset_run BM_wooden_fpga_right_synth_1
WARNING: [Vivado 12-1017] Problems encountered:
1. Failed to delete one or more files in run directory C:/verilog project/Legend of Chun-Yi Lee/Legend of Chun-Yi Lee.runs/BM_wooden_fpga_right_synth_1

launch_runs impl_1 -to_step write_bitstream -jobs 10
INFO: [IP_Flow 19-1686] Generating 'Synthesis' target for IP 'BM_CY_front_walk_L'...
INFO: [IP_Flow 19-1686] Generating 'Synthesis' target for IP 'BM_CY_front_walk_R'...
INFO: [IP_Flow 19-1686] Generating 'Synthesis' target for IP 'BM_CY_right_stand'...
INFO: [IP_Flow 19-1686] Generating 'Synthesis' target for IP 'BM_CY_right_walk'...
INFO: [IP_Flow 19-1686] Generating 'Synthesis' target for IP 'BM_CY_left_stand'...
INFO: [IP_Flow 19-1686] Generating 'Synthesis' target for IP 'BM_CY_left_walk'...
INFO: [IP_Flow 19-1686] Generating 'Synthesis' target for IP 'BM_CY_back_stand'...
INFO: [IP_Flow 19-1686] Generating 'Synthesis' target for IP 'BM_CY_back_walk_L'...
INFO: [IP_Flow 19-1686] Generating 'Synthesis' target for IP 'BM_CY_back_walk_R'...
INFO: [IP_Flow 19-1686] Generating 'Synthesis' target for IP 'BM_overwall_wall'...
INFO: [IP_Flow 19-1686] Generating 'Synthesis' target for IP 'BM_computer_room_entrance'...
INFO: [IP_Flow 19-1686] Generating 'Synthesis' target for IP 'BM_CS_student_L'...
INFO: [IP_Flow 19-1686] Generating 'Synthesis' target for IP 'BM_CS_student_R'...
INFO: [IP_Flow 19-1686] Generating 'Synthesis' target for IP 'BM_CY_front_stand'...
INFO: [IP_Flow 19-1686] Generating 'Synthesis' target for IP 'BM_CY_back_attack'...
INFO: [IP_Flow 19-1686] Generating 'Synthesis' target for IP 'BM_CY_front_attack'...
INFO: [IP_Flow 19-1686] Generating 'Synthesis' target for IP 'BM_CY_left_attack'...
INFO: [IP_Flow 19-1686] Generating 'Synthesis' target for IP 'BM_CY_right_attack'...
INFO: [IP_Flow 19-1686] Generating 'Synthesis' target for IP 'BM_heart'...
INFO: [IP_Flow 19-1686] Generating 'Synthesis' target for IP 'BM_wooden_fpga_down'...
INFO: [IP_Flow 19-1686] Generating 'Synthesis' target for IP 'BM_wooden_fpga_up'...
INFO: [IP_Flow 19-1686] Generating 'Synthesis' target for IP 'BM_wooden_fpga_left'...
INFO: [IP_Flow 19-1686] Generating 'Synthesis' target for IP 'BM_wooden_fpga_right'...
[Tue Jan  9 16:59:00 2024] Launched BM_CY_front_walk_L_synth_1, BM_CY_front_walk_R_synth_1, BM_CY_right_stand_synth_1, BM_CY_right_walk_synth_1, BM_CY_left_stand_synth_1, BM_CY_left_walk_synth_1, BM_CY_back_stand_synth_1, BM_CY_back_walk_L_synth_1, BM_CY_back_walk_R_synth_1, BM_overwall_wall_synth_1, BM_computer_room_entrance_synth_1, BM_CS_student_L_synth_1, BM_CS_student_R_synth_1, BM_CY_front_stand_synth_1, BM_CY_back_attack_synth_1, BM_CY_front_attack_synth_1, BM_CY_left_attack_synth_1, BM_CY_right_attack_synth_1, BM_heart_synth_1, BM_wooden_fpga_down_synth_1, BM_wooden_fpga_up_synth_1, BM_wooden_fpga_left_synth_1, BM_wooden_fpga_right_synth_1, BM_R_synth_1, synth_1...
Run output will be captured here:
BM_CY_front_walk_L_synth_1: C:/verilog project/Legend of Chun-Yi Lee/Legend of Chun-Yi Lee.runs/BM_CY_front_walk_L_synth_1/runme.log
BM_CY_front_walk_R_synth_1: C:/verilog project/Legend of Chun-Yi Lee/Legend of Chun-Yi Lee.runs/BM_CY_front_walk_R_synth_1/runme.log
BM_CY_right_stand_synth_1: C:/verilog project/Legend of Chun-Yi Lee/Legend of Chun-Yi Lee.runs/BM_CY_right_stand_synth_1/runme.log
BM_CY_right_walk_synth_1: C:/verilog project/Legend of Chun-Yi Lee/Legend of Chun-Yi Lee.runs/BM_CY_right_walk_synth_1/runme.log
BM_CY_left_stand_synth_1: C:/verilog project/Legend of Chun-Yi Lee/Legend of Chun-Yi Lee.runs/BM_CY_left_stand_synth_1/runme.log
BM_CY_left_walk_synth_1: C:/verilog project/Legend of Chun-Yi Lee/Legend of Chun-Yi Lee.runs/BM_CY_left_walk_synth_1/runme.log
BM_CY_back_stand_synth_1: C:/verilog project/Legend of Chun-Yi Lee/Legend of Chun-Yi Lee.runs/BM_CY_back_stand_synth_1/runme.log
BM_CY_back_walk_L_synth_1: C:/verilog project/Legend of Chun-Yi Lee/Legend of Chun-Yi Lee.runs/BM_CY_back_walk_L_synth_1/runme.log
BM_CY_back_walk_R_synth_1: C:/verilog project/Legend of Chun-Yi Lee/Legend of Chun-Yi Lee.runs/BM_CY_back_walk_R_synth_1/runme.log
BM_overwall_wall_synth_1: C:/verilog project/Legend of Chun-Yi Lee/Legend of Chun-Yi Lee.runs/BM_overwall_wall_synth_1/runme.log
BM_computer_room_entrance_synth_1: C:/verilog project/Legend of Chun-Yi Lee/Legend of Chun-Yi Lee.runs/BM_computer_room_entrance_synth_1/runme.log
BM_CS_student_L_synth_1: C:/verilog project/Legend of Chun-Yi Lee/Legend of Chun-Yi Lee.runs/BM_CS_student_L_synth_1/runme.log
BM_CS_student_R_synth_1: C:/verilog project/Legend of Chun-Yi Lee/Legend of Chun-Yi Lee.runs/BM_CS_student_R_synth_1/runme.log
BM_CY_front_stand_synth_1: C:/verilog project/Legend of Chun-Yi Lee/Legend of Chun-Yi Lee.runs/BM_CY_front_stand_synth_1/runme.log
BM_CY_back_attack_synth_1: C:/verilog project/Legend of Chun-Yi Lee/Legend of Chun-Yi Lee.runs/BM_CY_back_attack_synth_1/runme.log
BM_CY_front_attack_synth_1: C:/verilog project/Legend of Chun-Yi Lee/Legend of Chun-Yi Lee.runs/BM_CY_front_attack_synth_1/runme.log
BM_CY_left_attack_synth_1: C:/verilog project/Legend of Chun-Yi Lee/Legend of Chun-Yi Lee.runs/BM_CY_left_attack_synth_1/runme.log
BM_CY_right_attack_synth_1: C:/verilog project/Legend of Chun-Yi Lee/Legend of Chun-Yi Lee.runs/BM_CY_right_attack_synth_1/runme.log
BM_heart_synth_1: C:/verilog project/Legend of Chun-Yi Lee/Legend of Chun-Yi Lee.runs/BM_heart_synth_1/runme.log
BM_wooden_fpga_down_synth_1: C:/verilog project/Legend of Chun-Yi Lee/Legend of Chun-Yi Lee.runs/BM_wooden_fpga_down_synth_1/runme.log
BM_wooden_fpga_up_synth_1: C:/verilog project/Legend of Chun-Yi Lee/Legend of Chun-Yi Lee.runs/BM_wooden_fpga_up_synth_1/runme.log
BM_wooden_fpga_left_synth_1: C:/verilog project/Legend of Chun-Yi Lee/Legend of Chun-Yi Lee.runs/BM_wooden_fpga_left_synth_1/runme.log
BM_wooden_fpga_right_synth_1: C:/verilog project/Legend of Chun-Yi Lee/Legend of Chun-Yi Lee.runs/BM_wooden_fpga_right_synth_1/runme.log
BM_R_synth_1: C:/verilog project/Legend of Chun-Yi Lee/Legend of Chun-Yi Lee.runs/BM_R_synth_1/runme.log
synth_1: C:/verilog project/Legend of Chun-Yi Lee/Legend of Chun-Yi Lee.runs/synth_1/runme.log
[Tue Jan  9 16:59:02 2024] Launched impl_1...
Run output will be captured here: C:/verilog project/Legend of Chun-Yi Lee/Legend of Chun-Yi Lee.runs/impl_1/runme.log
launch_runs: Time (s): cpu = 00:00:01 ; elapsed = 00:00:06 . Memory (MB): peak = 2854.449 ; gain = 0.000
open_hw_manager
connect_hw_server -allow_non_jtag
INFO: [Labtools 27-2285] Connecting to hw_server url TCP:localhost:3121
INFO: [Labtools 27-2222] Launching hw_server...
INFO: [Labtools 27-2221] Launch Output:

****** Xilinx hw_server v2019.2
  **** Build date : Nov  6 2019 at 22:12:23
    ** Copyright 1986-2019 Xilinx, Inc. All Rights Reserved.


INFO: [Labtools 27-3415] Connecting to cs_server url TCP:localhost:3042
INFO: [Labtools 27-3417] Launching cs_server...
INFO: [Labtools 27-2221] Launch Output:


****** Xilinx cs_server v2019.2.0
  **** Build date : Nov 07 2019-13:28:22
    ** Copyright 2017-2019 Xilinx, Inc. All Rights Reserved.



connect_hw_server: Time (s): cpu = 00:00:00 ; elapsed = 00:00:06 . Memory (MB): peak = 2854.449 ; gain = 0.000
open_hw_target
INFO: [Labtoolstcl 44-466] Opening hw_target localhost:3121/xilinx_tcf/Digilent/210183711740A
set_property PROGRAM.FILE {C:/verilog project/Legend of Chun-Yi Lee/Legend of Chun-Yi Lee.runs/impl_1/Top.bit} [get_hw_devices xc7a35t_0]
current_hw_device [get_hw_devices xc7a35t_0]
refresh_hw_device -update_hw_probes false [lindex [get_hw_devices xc7a35t_0] 0]
INFO: [Labtools 27-1435] Device xc7a35t (JTAG device index = 0) is not programmed (DONE status = 0).
set_property PROBES.FILE {} [get_hw_devices xc7a35t_0]
set_property FULL_PROBES.FILE {} [get_hw_devices xc7a35t_0]
set_property PROGRAM.FILE {C:/verilog project/Legend of Chun-Yi Lee/Legend of Chun-Yi Lee.runs/impl_1/Top.bit} [get_hw_devices xc7a35t_0]
program_hw_devices [get_hw_devices xc7a35t_0]
INFO: [Labtools 27-3164] End of startup status: HIGH
refresh_hw_device [lindex [get_hw_devices xc7a35t_0] 0]
INFO: [Labtools 27-1434] Device xc7a35t (JTAG device index = 0) is programmed with a design that has no supported debug core(s) in it.
reset_run synth_1
launch_runs impl_1 -to_step write_bitstream -jobs 10
[Tue Jan  9 17:30:22 2024] Launched synth_1...
Run output will be captured here: C:/verilog project/Legend of Chun-Yi Lee/Legend of Chun-Yi Lee.runs/synth_1/runme.log
[Tue Jan  9 17:30:22 2024] Launched impl_1...
Run output will be captured here: C:/verilog project/Legend of Chun-Yi Lee/Legend of Chun-Yi Lee.runs/impl_1/runme.log
set_property PROBES.FILE {} [get_hw_devices xc7a35t_0]
set_property FULL_PROBES.FILE {} [get_hw_devices xc7a35t_0]
set_property PROGRAM.FILE {C:/verilog project/Legend of Chun-Yi Lee/Legend of Chun-Yi Lee.runs/impl_1/Top.bit} [get_hw_devices xc7a35t_0]
program_hw_devices [get_hw_devices xc7a35t_0]
INFO: [Labtools 27-3164] End of startup status: HIGH
refresh_hw_device [lindex [get_hw_devices xc7a35t_0] 0]
INFO: [Labtools 27-1434] Device xc7a35t (JTAG device index = 0) is programmed with a design that has no supported debug core(s) in it.
reset_run synth_1
launch_runs impl_1 -to_step write_bitstream -jobs 10
[Tue Jan  9 17:43:09 2024] Launched synth_1...
Run output will be captured here: C:/verilog project/Legend of Chun-Yi Lee/Legend of Chun-Yi Lee.runs/synth_1/runme.log
[Tue Jan  9 17:43:09 2024] Launched impl_1...
Run output will be captured here: C:/verilog project/Legend of Chun-Yi Lee/Legend of Chun-Yi Lee.runs/impl_1/runme.log
set_property PROBES.FILE {} [get_hw_devices xc7a35t_0]
set_property FULL_PROBES.FILE {} [get_hw_devices xc7a35t_0]
set_property PROGRAM.FILE {C:/verilog project/Legend of Chun-Yi Lee/Legend of Chun-Yi Lee.runs/impl_1/Top.bit} [get_hw_devices xc7a35t_0]
program_hw_devices [get_hw_devices xc7a35t_0]
INFO: [Labtools 27-3164] End of startup status: HIGH
refresh_hw_device [lindex [get_hw_devices xc7a35t_0] 0]
INFO: [Labtools 27-1434] Device xc7a35t (JTAG device index = 0) is programmed with a design that has no supported debug core(s) in it.
reset_run synth_1
launch_runs impl_1 -to_step write_bitstream -jobs 10
[Tue Jan  9 18:24:25 2024] Launched synth_1...
Run output will be captured here: C:/verilog project/Legend of Chun-Yi Lee/Legend of Chun-Yi Lee.runs/synth_1/runme.log
[Tue Jan  9 18:24:25 2024] Launched impl_1...
Run output will be captured here: C:/verilog project/Legend of Chun-Yi Lee/Legend of Chun-Yi Lee.runs/impl_1/runme.log
set_property PROBES.FILE {} [get_hw_devices xc7a35t_0]
set_property FULL_PROBES.FILE {} [get_hw_devices xc7a35t_0]
set_property PROGRAM.FILE {C:/verilog project/Legend of Chun-Yi Lee/Legend of Chun-Yi Lee.runs/impl_1/Top.bit} [get_hw_devices xc7a35t_0]
program_hw_devices [get_hw_devices xc7a35t_0]
INFO: [Labtools 27-3164] End of startup status: HIGH
refresh_hw_device [lindex [get_hw_devices xc7a35t_0] 0]
INFO: [Labtools 27-1434] Device xc7a35t (JTAG device index = 0) is programmed with a design that has no supported debug core(s) in it.
ERROR: [Labtoolstcl 44-513] HW Target shutdown. Closing target: localhost:3121/xilinx_tcf/Digilent/210183711740A
INFO: [Labtoolstcl 44-466] Opening hw_target localhost:3121/xilinx_tcf/Digilent/210183711740A
INFO: [Labtools 27-1434] Device xc7a35t (JTAG device index = 0) is programmed with a design that has no supported debug core(s) in it.
WARNING: [Labtoolstcl 44-129] No matching hw_ila_data was found.
reset_run synth_1
launch_runs impl_1 -to_step write_bitstream -jobs 10
[Tue Jan  9 18:42:20 2024] Launched synth_1...
Run output will be captured here: C:/verilog project/Legend of Chun-Yi Lee/Legend of Chun-Yi Lee.runs/synth_1/runme.log
[Tue Jan  9 18:42:20 2024] Launched impl_1...
Run output will be captured here: C:/verilog project/Legend of Chun-Yi Lee/Legend of Chun-Yi Lee.runs/impl_1/runme.log
set_property PROBES.FILE {} [get_hw_devices xc7a35t_0]
set_property FULL_PROBES.FILE {} [get_hw_devices xc7a35t_0]
set_property PROGRAM.FILE {C:/verilog project/Legend of Chun-Yi Lee/Legend of Chun-Yi Lee.runs/impl_1/Top.bit} [get_hw_devices xc7a35t_0]
program_hw_devices [get_hw_devices xc7a35t_0]
INFO: [Labtools 27-3164] End of startup status: HIGH
refresh_hw_device [lindex [get_hw_devices xc7a35t_0] 0]
INFO: [Labtools 27-1434] Device xc7a35t (JTAG device index = 0) is programmed with a design that has no supported debug core(s) in it.
reset_run synth_1
launch_runs impl_1 -to_step write_bitstream -jobs 10
[Tue Jan  9 18:51:25 2024] Launched synth_1...
Run output will be captured here: C:/verilog project/Legend of Chun-Yi Lee/Legend of Chun-Yi Lee.runs/synth_1/runme.log
[Tue Jan  9 18:51:25 2024] Launched impl_1...
Run output will be captured here: C:/verilog project/Legend of Chun-Yi Lee/Legend of Chun-Yi Lee.runs/impl_1/runme.log
set_property PROBES.FILE {} [get_hw_devices xc7a35t_0]
set_property FULL_PROBES.FILE {} [get_hw_devices xc7a35t_0]
set_property PROGRAM.FILE {C:/verilog project/Legend of Chun-Yi Lee/Legend of Chun-Yi Lee.runs/impl_1/Top.bit} [get_hw_devices xc7a35t_0]
program_hw_devices [get_hw_devices xc7a35t_0]
INFO: [Labtools 27-3164] End of startup status: HIGH
refresh_hw_device [lindex [get_hw_devices xc7a35t_0] 0]
INFO: [Labtools 27-1434] Device xc7a35t (JTAG device index = 0) is programmed with a design that has no supported debug core(s) in it.
update_compile_order -fileset sources_1
ERROR: [Labtoolstcl 44-513] HW Target shutdown. Closing target: localhost:3121/xilinx_tcf/Digilent/210183711740A
reset_run synth_1
launch_runs impl_1 -to_step write_bitstream -jobs 10
[Tue Jan  9 20:30:24 2024] Launched synth_1...
Run output will be captured here: C:/verilog project/Legend of Chun-Yi Lee/Legend of Chun-Yi Lee.runs/synth_1/runme.log
[Tue Jan  9 20:30:24 2024] Launched impl_1...
Run output will be captured here: C:/verilog project/Legend of Chun-Yi Lee/Legend of Chun-Yi Lee.runs/impl_1/runme.log
update_compile_order -fileset sources_1
reset_run synth_1
launch_runs impl_1 -to_step write_bitstream -jobs 10
[Tue Jan  9 20:39:19 2024] Launched synth_1...
Run output will be captured here: C:/verilog project/Legend of Chun-Yi Lee/Legend of Chun-Yi Lee.runs/synth_1/runme.log
[Tue Jan  9 20:39:19 2024] Launched impl_1...
Run output will be captured here: C:/verilog project/Legend of Chun-Yi Lee/Legend of Chun-Yi Lee.runs/impl_1/runme.log
disconnect_hw_server localhost:3121
connect_hw_server -allow_non_jtag
INFO: [Labtools 27-2285] Connecting to hw_server url TCP:localhost:3121
INFO: [Labtools 27-3415] Connecting to cs_server url TCP:localhost:3042
INFO: [Labtools 27-3414] Connected to existing cs_server.
open_hw_target
INFO: [Labtoolstcl 44-466] Opening hw_target localhost:3121/xilinx_tcf/Digilent/210183711740A
set_property PROGRAM.FILE {C:/verilog project/Legend of Chun-Yi Lee/Legend of Chun-Yi Lee.runs/impl_1/Top.bit} [get_hw_devices xc7a35t_0]
current_hw_device [get_hw_devices xc7a35t_0]
refresh_hw_device -update_hw_probes false [lindex [get_hw_devices xc7a35t_0] 0]
INFO: [Labtools 27-1435] Device xc7a35t (JTAG device index = 0) is not programmed (DONE status = 0).
set_property PROBES.FILE {} [get_hw_devices xc7a35t_0]
set_property FULL_PROBES.FILE {} [get_hw_devices xc7a35t_0]
set_property PROGRAM.FILE {C:/verilog project/Legend of Chun-Yi Lee/Legend of Chun-Yi Lee.runs/impl_1/Top.bit} [get_hw_devices xc7a35t_0]
program_hw_devices [get_hw_devices xc7a35t_0]
INFO: [Labtools 27-3164] End of startup status: HIGH
refresh_hw_device [lindex [get_hw_devices xc7a35t_0] 0]
INFO: [Labtools 27-1434] Device xc7a35t (JTAG device index = 0) is programmed with a design that has no supported debug core(s) in it.
exit
INFO: [Common 17-206] Exiting Vivado at Tue Jan  9 20:49:03 2024...
