#-----------------------------------------------------------
# Vivado v2019.2 (64-bit)
# SW Build 2708876 on Wed Nov  6 21:40:23 MST 2019
# IP Build 2700528 on Thu Nov  7 00:09:20 MST 2019
# Start of session at: Mon Jan  8 18:52:26 2024
# Process ID: 26416
# Current directory: C:/verilog project/Legend of Chun-Yi Lee
# Command line: vivado.exe -gui_launcher_event rodinguilauncherevent28840 C:\verilog project\Legend of Chun-Yi Lee\Legend of Chun-Yi Lee.xpr
# Log file: C:/verilog project/Legend of Chun-Yi Lee/vivado.log
# Journal file: C:/verilog project/Legend of Chun-Yi Lee\vivado.jou
#-----------------------------------------------------------
start_gui
open_project {C:/verilog project/Legend of Chun-Yi Lee/Legend of Chun-Yi Lee.xpr}
Scanning sources...
Finished scanning sources
INFO: [IP_Flow 19-234] Refreshing IP repositories
INFO: [IP_Flow 19-1700] Loaded user IP repository 'c:/verilog project/Legend of Chun-Yi Lee/ip'.
INFO: [IP_Flow 19-2313] Loaded Vivado IP repository 'C:/Xilinx/Vivado/2019.2/data/ip'.
open_project: Time (s): cpu = 00:00:14 ; elapsed = 00:00:09 . Memory (MB): peak = 875.359 ; gain = 228.691
update_compile_order -fileset sources_1
open_hw_manager
connect_hw_server -allow_non_jtag
INFO: [Labtools 27-2285] Connecting to hw_server url TCP:localhost:3121
INFO: [Labtools 27-2222] Launching hw_server...
INFO: [Labtools 27-2221] Launch Output:

****** Xilinx hw_server v2019.2
  **** Build date : Nov  6 2019 at 22:12:23
    ** Copyright 1986-2019 Xilinx, Inc. All Rights Reserved.


INFO: [Labtools 27-3415] Connecting to cs_server url TCP:localhost:3042
INFO: [Labtools 27-3417] Launching cs_server...
INFO: [Labtools 27-2221] Launch Output:


****** Xilinx cs_server v2019.2.0
  **** Build date : Nov 07 2019-13:28:22
    ** Copyright 2017-2019 Xilinx, Inc. All Rights Reserved.



connect_hw_server: Time (s): cpu = 00:00:01 ; elapsed = 00:00:06 . Memory (MB): peak = 1074.918 ; gain = 21.484
open_hw_target
INFO: [Labtoolstcl 44-466] Opening hw_target localhost:3121/xilinx_tcf/Digilent/210183711740A
set_property PROGRAM.FILE {C:/verilog project/Legend of Chun-Yi Lee/Legend of Chun-Yi Lee.runs/impl_1/Top.bit} [get_hw_devices xc7a35t_0]
current_hw_device [get_hw_devices xc7a35t_0]
refresh_hw_device -update_hw_probes false [lindex [get_hw_devices xc7a35t_0] 0]
INFO: [Labtools 27-1435] Device xc7a35t (JTAG device index = 0) is not programmed (DONE status = 0).
set_property PROBES.FILE {} [get_hw_devices xc7a35t_0]
set_property FULL_PROBES.FILE {} [get_hw_devices xc7a35t_0]
set_property PROGRAM.FILE {C:/verilog project/Legend of Chun-Yi Lee/Legend of Chun-Yi Lee.runs/impl_1/Top.bit} [get_hw_devices xc7a35t_0]
program_hw_devices [get_hw_devices xc7a35t_0]
INFO: [Labtools 27-3164] End of startup status: HIGH
refresh_hw_device [lindex [get_hw_devices xc7a35t_0] 0]
INFO: [Labtools 27-1434] Device xc7a35t (JTAG device index = 0) is programmed with a design that has no supported debug core(s) in it.
close_hw_manager
reset_run synth_1
launch_runs impl_1 -to_step write_bitstream -jobs 10
[Mon Jan  8 20:47:31 2024] Launched synth_1...
Run output will be captured here: C:/verilog project/Legend of Chun-Yi Lee/Legend of Chun-Yi Lee.runs/synth_1/runme.log
[Mon Jan  8 20:47:31 2024] Launched impl_1...
Run output will be captured here: C:/verilog project/Legend of Chun-Yi Lee/Legend of Chun-Yi Lee.runs/impl_1/runme.log
open_hw_manager
connect_hw_server -allow_non_jtag
INFO: [Labtools 27-2285] Connecting to hw_server url TCP:localhost:3121
INFO: [Labtools 27-2222] Launching hw_server...
INFO: [Labtools 27-2221] Launch Output:

****** Xilinx hw_server v2019.2
  **** Build date : Nov  6 2019 at 22:12:23
    ** Copyright 1986-2019 Xilinx, Inc. All Rights Reserved.


INFO: [Labtools 27-3415] Connecting to cs_server url TCP:localhost:3042
INFO: [Labtools 27-3417] Launching cs_server...
INFO: [Labtools 27-2221] Launch Output:


****** Xilinx cs_server v2019.2.0
  **** Build date : Nov 07 2019-13:28:22
    ** Copyright 2017-2019 Xilinx, Inc. All Rights Reserved.



connect_hw_server: Time (s): cpu = 00:00:00 ; elapsed = 00:00:06 . Memory (MB): peak = 2261.504 ; gain = 0.000
open_hw_target
INFO: [Labtoolstcl 44-466] Opening hw_target localhost:3121/xilinx_tcf/Digilent/210183711740A
set_property PROGRAM.FILE {C:/verilog project/Legend of Chun-Yi Lee/Legend of Chun-Yi Lee.runs/impl_1/Top.bit} [get_hw_devices xc7a35t_0]
current_hw_device [get_hw_devices xc7a35t_0]
refresh_hw_device -update_hw_probes false [lindex [get_hw_devices xc7a35t_0] 0]
INFO: [Labtools 27-1435] Device xc7a35t (JTAG device index = 0) is not programmed (DONE status = 0).
set_property PROBES.FILE {} [get_hw_devices xc7a35t_0]
set_property FULL_PROBES.FILE {} [get_hw_devices xc7a35t_0]
set_property PROGRAM.FILE {C:/verilog project/Legend of Chun-Yi Lee/Legend of Chun-Yi Lee.runs/impl_1/Top.bit} [get_hw_devices xc7a35t_0]
program_hw_devices [get_hw_devices xc7a35t_0]
INFO: [Labtools 27-3164] End of startup status: HIGH
refresh_hw_device [lindex [get_hw_devices xc7a35t_0] 0]
INFO: [Labtools 27-1434] Device xc7a35t (JTAG device index = 0) is programmed with a design that has no supported debug core(s) in it.
reset_run synth_1
launch_runs impl_1 -to_step write_bitstream -jobs 10
[Mon Jan  8 21:02:57 2024] Launched synth_1...
Run output will be captured here: C:/verilog project/Legend of Chun-Yi Lee/Legend of Chun-Yi Lee.runs/synth_1/runme.log
[Mon Jan  8 21:02:57 2024] Launched impl_1...
Run output will be captured here: C:/verilog project/Legend of Chun-Yi Lee/Legend of Chun-Yi Lee.runs/impl_1/runme.log
set_property PROBES.FILE {} [get_hw_devices xc7a35t_0]
set_property FULL_PROBES.FILE {} [get_hw_devices xc7a35t_0]
set_property PROGRAM.FILE {C:/verilog project/Legend of Chun-Yi Lee/Legend of Chun-Yi Lee.runs/impl_1/Top.bit} [get_hw_devices xc7a35t_0]
program_hw_devices [get_hw_devices xc7a35t_0]
INFO: [Labtools 27-3164] End of startup status: HIGH
refresh_hw_device [lindex [get_hw_devices xc7a35t_0] 0]
INFO: [Labtools 27-1434] Device xc7a35t (JTAG device index = 0) is programmed with a design that has no supported debug core(s) in it.
set_property PROBES.FILE {} [get_hw_devices xc7a35t_0]
set_property FULL_PROBES.FILE {} [get_hw_devices xc7a35t_0]
set_property PROGRAM.FILE {C:/verilog project/Legend of Chun-Yi Lee/Legend of Chun-Yi Lee.runs/impl_1/Top.bit} [get_hw_devices xc7a35t_0]
program_hw_devices [get_hw_devices xc7a35t_0]
INFO: [Labtools 27-3164] End of startup status: HIGH
refresh_hw_device [lindex [get_hw_devices xc7a35t_0] 0]
INFO: [Labtools 27-1434] Device xc7a35t (JTAG device index = 0) is programmed with a design that has no supported debug core(s) in it.
reset_run synth_1
launch_runs impl_1 -to_step write_bitstream -jobs 10
[Mon Jan  8 22:03:37 2024] Launched synth_1...
Run output will be captured here: C:/verilog project/Legend of Chun-Yi Lee/Legend of Chun-Yi Lee.runs/synth_1/runme.log
[Mon Jan  8 22:03:37 2024] Launched impl_1...
Run output will be captured here: C:/verilog project/Legend of Chun-Yi Lee/Legend of Chun-Yi Lee.runs/impl_1/runme.log
ERROR: [Labtoolstcl 44-513] HW Target shutdown. Closing target: localhost:3121/xilinx_tcf/Digilent/210183711740A
close_hw_manager
reset_run synth_1
launch_runs impl_1 -to_step write_bitstream -jobs 10
[Mon Jan  8 22:06:19 2024] Launched synth_1...
Run output will be captured here: C:/verilog project/Legend of Chun-Yi Lee/Legend of Chun-Yi Lee.runs/synth_1/runme.log
[Mon Jan  8 22:06:19 2024] Launched impl_1...
Run output will be captured here: C:/verilog project/Legend of Chun-Yi Lee/Legend of Chun-Yi Lee.runs/impl_1/runme.log
reset_run synth_1
launch_runs impl_1 -to_step write_bitstream -jobs 10
[Mon Jan  8 22:07:55 2024] Launched synth_1...
Run output will be captured here: C:/verilog project/Legend of Chun-Yi Lee/Legend of Chun-Yi Lee.runs/synth_1/runme.log
[Mon Jan  8 22:07:55 2024] Launched impl_1...
Run output will be captured here: C:/verilog project/Legend of Chun-Yi Lee/Legend of Chun-Yi Lee.runs/impl_1/runme.log
open_hw_manager
connect_hw_server -allow_non_jtag
INFO: [Labtools 27-2285] Connecting to hw_server url TCP:localhost:3121
INFO: [Labtools 27-2222] Launching hw_server...
INFO: [Labtools 27-2221] Launch Output:

****** Xilinx hw_server v2019.2
  **** Build date : Nov  6 2019 at 22:12:23
    ** Copyright 1986-2019 Xilinx, Inc. All Rights Reserved.


INFO: [Labtools 27-3415] Connecting to cs_server url TCP:localhost:3042
INFO: [Labtools 27-3417] Launching cs_server...
INFO: [Labtools 27-2221] Launch Output:


****** Xilinx cs_server v2019.2.0
  **** Build date : Nov 07 2019-13:28:22
    ** Copyright 2017-2019 Xilinx, Inc. All Rights Reserved.



connect_hw_server: Time (s): cpu = 00:00:00 ; elapsed = 00:00:06 . Memory (MB): peak = 2377.113 ; gain = 0.000
open_hw_target
INFO: [Labtoolstcl 44-466] Opening hw_target localhost:3121/xilinx_tcf/Digilent/210183711740A
ERROR: [Labtools 27-2270] Target localhost:3121/xilinx_tcf/Digilent/210183711740A is no longer available.
Check cable connectivity and that the target board is powered up then
use the disconnect_hw_server and connect_hw_server to re-register this hardware target.
disconnect_hw_server localhost:3121
connect_hw_server -allow_non_jtag
INFO: [Labtools 27-2285] Connecting to hw_server url TCP:localhost:3121
INFO: [Labtools 27-3415] Connecting to cs_server url TCP:localhost:3042
INFO: [Labtools 27-3414] Connected to existing cs_server.
open_hw_target
INFO: [Labtoolstcl 44-466] Opening hw_target localhost:3121/xilinx_tcf/Digilent/210183711740A
set_property PROGRAM.FILE {C:/verilog project/Legend of Chun-Yi Lee/Legend of Chun-Yi Lee.runs/impl_1/Top.bit} [get_hw_devices xc7a35t_0]
current_hw_device [get_hw_devices xc7a35t_0]
refresh_hw_device -update_hw_probes false [lindex [get_hw_devices xc7a35t_0] 0]
INFO: [Labtools 27-1435] Device xc7a35t (JTAG device index = 0) is not programmed (DONE status = 0).
set_property PROBES.FILE {} [get_hw_devices xc7a35t_0]
set_property FULL_PROBES.FILE {} [get_hw_devices xc7a35t_0]
set_property PROGRAM.FILE {C:/verilog project/Legend of Chun-Yi Lee/Legend of Chun-Yi Lee.runs/impl_1/Top.bit} [get_hw_devices xc7a35t_0]
program_hw_devices [get_hw_devices xc7a35t_0]
INFO: [Labtools 27-3164] End of startup status: HIGH
refresh_hw_device [lindex [get_hw_devices xc7a35t_0] 0]
INFO: [Labtools 27-1434] Device xc7a35t (JTAG device index = 0) is programmed with a design that has no supported debug core(s) in it.
reset_run synth_1
launch_runs impl_1 -to_step write_bitstream -jobs 10
[Mon Jan  8 22:13:20 2024] Launched synth_1...
Run output will be captured here: C:/verilog project/Legend of Chun-Yi Lee/Legend of Chun-Yi Lee.runs/synth_1/runme.log
[Mon Jan  8 22:13:20 2024] Launched impl_1...
Run output will be captured here: C:/verilog project/Legend of Chun-Yi Lee/Legend of Chun-Yi Lee.runs/impl_1/runme.log
set_property PROBES.FILE {} [get_hw_devices xc7a35t_0]
set_property FULL_PROBES.FILE {} [get_hw_devices xc7a35t_0]
set_property PROGRAM.FILE {C:/verilog project/Legend of Chun-Yi Lee/Legend of Chun-Yi Lee.runs/impl_1/Top.bit} [get_hw_devices xc7a35t_0]
program_hw_devices [get_hw_devices xc7a35t_0]
INFO: [Labtools 27-3164] End of startup status: HIGH
refresh_hw_device [lindex [get_hw_devices xc7a35t_0] 0]
INFO: [Labtools 27-1434] Device xc7a35t (JTAG device index = 0) is programmed with a design that has no supported debug core(s) in it.
reset_run synth_1
launch_runs impl_1 -to_step write_bitstream -jobs 10
[Mon Jan  8 22:21:38 2024] Launched synth_1...
Run output will be captured here: C:/verilog project/Legend of Chun-Yi Lee/Legend of Chun-Yi Lee.runs/synth_1/runme.log
[Mon Jan  8 22:21:38 2024] Launched impl_1...
Run output will be captured here: C:/verilog project/Legend of Chun-Yi Lee/Legend of Chun-Yi Lee.runs/impl_1/runme.log
set_property PROBES.FILE {} [get_hw_devices xc7a35t_0]
set_property FULL_PROBES.FILE {} [get_hw_devices xc7a35t_0]
set_property PROGRAM.FILE {C:/verilog project/Legend of Chun-Yi Lee/Legend of Chun-Yi Lee.runs/impl_1/Top.bit} [get_hw_devices xc7a35t_0]
program_hw_devices [get_hw_devices xc7a35t_0]
INFO: [Labtools 27-3164] End of startup status: HIGH
refresh_hw_device [lindex [get_hw_devices xc7a35t_0] 0]
INFO: [Labtools 27-1434] Device xc7a35t (JTAG device index = 0) is programmed with a design that has no supported debug core(s) in it.
ERROR: [Labtoolstcl 44-513] HW Target shutdown. Closing target: localhost:3121/xilinx_tcf/Digilent/210183711740A
INFO: [Labtoolstcl 44-466] Opening hw_target localhost:3121/xilinx_tcf/Digilent/210183711740A
INFO: [Labtools 27-1434] Device xc7a35t (JTAG device index = 0) is programmed with a design that has no supported debug core(s) in it.
WARNING: [Labtoolstcl 44-129] No matching hw_ila_data was found.
close_hw_manager
reset_run synth_1
launch_runs impl_1 -to_step write_bitstream -jobs 10
[Mon Jan  8 23:04:18 2024] Launched synth_1...
Run output will be captured here: C:/verilog project/Legend of Chun-Yi Lee/Legend of Chun-Yi Lee.runs/synth_1/runme.log
[Mon Jan  8 23:04:18 2024] Launched impl_1...
Run output will be captured here: C:/verilog project/Legend of Chun-Yi Lee/Legend of Chun-Yi Lee.runs/impl_1/runme.log
open_hw_manager
connect_hw_server -allow_non_jtag
INFO: [Labtools 27-2285] Connecting to hw_server url TCP:localhost:3121
INFO: [Labtools 27-2222] Launching hw_server...
INFO: [Labtools 27-2221] Launch Output:

****** Xilinx hw_server v2019.2
  **** Build date : Nov  6 2019 at 22:12:23
    ** Copyright 1986-2019 Xilinx, Inc. All Rights Reserved.


INFO: [Labtools 27-3415] Connecting to cs_server url TCP:localhost:3042
INFO: [Labtools 27-3417] Launching cs_server...
INFO: [Labtools 27-2221] Launch Output:


****** Xilinx cs_server v2019.2.0
  **** Build date : Nov 07 2019-13:28:22
    ** Copyright 2017-2019 Xilinx, Inc. All Rights Reserved.



connect_hw_server: Time (s): cpu = 00:00:00 ; elapsed = 00:00:06 . Memory (MB): peak = 2391.180 ; gain = 0.000
open_hw_target
INFO: [Labtoolstcl 44-466] Opening hw_target localhost:3121/xilinx_tcf/Digilent/210183711740A
set_property PROGRAM.FILE {C:/verilog project/Legend of Chun-Yi Lee/Legend of Chun-Yi Lee.runs/impl_1/Top.bit} [get_hw_devices xc7a35t_0]
current_hw_device [get_hw_devices xc7a35t_0]
refresh_hw_device -update_hw_probes false [lindex [get_hw_devices xc7a35t_0] 0]
INFO: [Labtools 27-1435] Device xc7a35t (JTAG device index = 0) is not programmed (DONE status = 0).
set_property PROBES.FILE {} [get_hw_devices xc7a35t_0]
set_property FULL_PROBES.FILE {} [get_hw_devices xc7a35t_0]
set_property PROGRAM.FILE {C:/verilog project/Legend of Chun-Yi Lee/Legend of Chun-Yi Lee.runs/impl_1/Top.bit} [get_hw_devices xc7a35t_0]
program_hw_devices [get_hw_devices xc7a35t_0]
INFO: [Labtools 27-3164] End of startup status: HIGH
refresh_hw_device [lindex [get_hw_devices xc7a35t_0] 0]
INFO: [Labtools 27-1434] Device xc7a35t (JTAG device index = 0) is programmed with a design that has no supported debug core(s) in it.
ERROR: [Labtoolstcl 44-513] HW Target shutdown. Closing target: localhost:3121/xilinx_tcf/Digilent/210183711740A
reset_run synth_1
launch_runs impl_1 -to_step write_bitstream -jobs 10
[Mon Jan  8 23:13:58 2024] Launched synth_1...
Run output will be captured here: C:/verilog project/Legend of Chun-Yi Lee/Legend of Chun-Yi Lee.runs/synth_1/runme.log
[Mon Jan  8 23:13:59 2024] Launched impl_1...
Run output will be captured here: C:/verilog project/Legend of Chun-Yi Lee/Legend of Chun-Yi Lee.runs/impl_1/runme.log
disconnect_hw_server localhost:3121
connect_hw_server -allow_non_jtag
INFO: [Labtools 27-2285] Connecting to hw_server url TCP:localhost:3121
INFO: [Labtools 27-3415] Connecting to cs_server url TCP:localhost:3042
INFO: [Labtools 27-3414] Connected to existing cs_server.
ERROR: [Labtoolstcl 44-494] There is no active target available for server at localhost.
 Targets(s) ", jsn-Basys3-210183711740A" may be locked by another hw_server.
disconnect_hw_server localhost:3121
connect_hw_server -allow_non_jtag
INFO: [Labtools 27-2285] Connecting to hw_server url TCP:localhost:3121
INFO: [Labtools 27-3415] Connecting to cs_server url TCP:localhost:3042
INFO: [Labtools 27-3414] Connected to existing cs_server.
open_hw_target
INFO: [Labtoolstcl 44-466] Opening hw_target localhost:3121/xilinx_tcf/Digilent/210183711740A
set_property PROGRAM.FILE {C:/verilog project/Legend of Chun-Yi Lee/Legend of Chun-Yi Lee.runs/impl_1/Top.bit} [get_hw_devices xc7a35t_0]
current_hw_device [get_hw_devices xc7a35t_0]
refresh_hw_device -update_hw_probes false [lindex [get_hw_devices xc7a35t_0] 0]
INFO: [Labtools 27-1435] Device xc7a35t (JTAG device index = 0) is not programmed (DONE status = 0).
set_property PROBES.FILE {} [get_hw_devices xc7a35t_0]
set_property FULL_PROBES.FILE {} [get_hw_devices xc7a35t_0]
set_property PROGRAM.FILE {C:/verilog project/Legend of Chun-Yi Lee/Legend of Chun-Yi Lee.runs/impl_1/Top.bit} [get_hw_devices xc7a35t_0]
program_hw_devices [get_hw_devices xc7a35t_0]
INFO: [Labtools 27-3164] End of startup status: HIGH
refresh_hw_device [lindex [get_hw_devices xc7a35t_0] 0]
INFO: [Labtools 27-1434] Device xc7a35t (JTAG device index = 0) is programmed with a design that has no supported debug core(s) in it.
close_hw_manager
WARNING: [IP_Flow 19-4067] Ignoring invalid widget type specified checkbox.Providing a default widget
WARNING: [IP_Flow 19-4067] Ignoring invalid widget type specified checkbox.Providing a default widget
INFO: [IP_Flow 19-3484] Absolute path of file 'c:/verilog project/Legend of Chun-Yi Lee/Assets/G.coe' provided. It will be converted relative to IP Instance files '../../../../Assets/G.coe'
create_ip -name blk_mem_gen -vendor xilinx.com -library ip -version 8.4 -module_name BM_G -dir {c:/verilog project/Legend of Chun-Yi Lee/Legend of Chun-Yi Lee.srcs/sources_1/ip}
set_property -dict [list CONFIG.Component_Name {BM_G} CONFIG.Write_Width_A {12} CONFIG.Write_Depth_A {400} CONFIG.Read_Width_A {12} CONFIG.Enable_A {Always_Enabled} CONFIG.Write_Width_B {12} CONFIG.Read_Width_B {12} CONFIG.Load_Init_File {true} CONFIG.Coe_File {C:/verilog project/Legend of Chun-Yi Lee/Assets/G.coe}] [get_ips BM_G]
WARNING: [Vivado 12-3523] Attempt to change 'Component_Name' from 'BM_G' to 'BM_G' is not allowed and is ignored.
INFO: [IP_Flow 19-3484] Absolute path of file 'c:/verilog project/Legend of Chun-Yi Lee/Assets/G.coe' provided. It will be converted relative to IP Instance files '../../../../Assets/G.coe'
generate_target {instantiation_template} [get_files {{c:/verilog project/Legend of Chun-Yi Lee/Legend of Chun-Yi Lee.srcs/sources_1/ip/BM_G/BM_G.xci}}]
INFO: [IP_Flow 19-1686] Generating 'Instantiation Template' target for IP 'BM_G'...
generate_target all [get_files  {{c:/verilog project/Legend of Chun-Yi Lee/Legend of Chun-Yi Lee.srcs/sources_1/ip/BM_G/BM_G.xci}}]
INFO: [IP_Flow 19-1686] Generating 'Synthesis' target for IP 'BM_G'...
INFO: [IP_Flow 19-1686] Generating 'Simulation' target for IP 'BM_G'...
INFO: [IP_Flow 19-1686] Generating 'Miscellaneous' target for IP 'BM_G'...
INFO: [IP_Flow 19-1686] Generating 'Change Log' target for IP 'BM_G'...
catch { config_ip_cache -export [get_ips -all BM_G] }
export_ip_user_files -of_objects [get_files {{c:/verilog project/Legend of Chun-Yi Lee/Legend of Chun-Yi Lee.srcs/sources_1/ip/BM_G/BM_G.xci}}] -no_script -sync -force -quiet
create_ip_run [get_files -of_objects [get_fileset sources_1] {{c:/verilog project/Legend of Chun-Yi Lee/Legend of Chun-Yi Lee.srcs/sources_1/ip/BM_G/BM_G.xci}}]
launch_runs -jobs 10 BM_G_synth_1
[Mon Jan  8 23:48:25 2024] Launched BM_G_synth_1...
Run output will be captured here: C:/verilog project/Legend of Chun-Yi Lee/Legend of Chun-Yi Lee.runs/BM_G_synth_1/runme.log
export_simulation -of_objects [get_files {{c:/verilog project/Legend of Chun-Yi Lee/Legend of Chun-Yi Lee.srcs/sources_1/ip/BM_G/BM_G.xci}}] -directory {C:/verilog project/Legend of Chun-Yi Lee/Legend of Chun-Yi Lee.ip_user_files/sim_scripts} -ip_user_files_dir {C:/verilog project/Legend of Chun-Yi Lee/Legend of Chun-Yi Lee.ip_user_files} -ipstatic_source_dir {C:/verilog project/Legend of Chun-Yi Lee/Legend of Chun-Yi Lee.ip_user_files/ipstatic} -lib_map_path [list {modelsim=C:/verilog project/Legend of Chun-Yi Lee/Legend of Chun-Yi Lee.cache/compile_simlib/modelsim} {questa=C:/verilog project/Legend of Chun-Yi Lee/Legend of Chun-Yi Lee.cache/compile_simlib/questa} {riviera=C:/verilog project/Legend of Chun-Yi Lee/Legend of Chun-Yi Lee.cache/compile_simlib/riviera} {activehdl=C:/verilog project/Legend of Chun-Yi Lee/Legend of Chun-Yi Lee.cache/compile_simlib/activehdl}] -use_ip_compiled_libs -force -quiet
WARNING: [IP_Flow 19-4067] Ignoring invalid widget type specified checkbox.Providing a default widget
WARNING: [IP_Flow 19-4067] Ignoring invalid widget type specified checkbox.Providing a default widget
INFO: [IP_Flow 19-3484] Absolute path of file 'c:/verilog project/Legend of Chun-Yi Lee/Assets/A.coe' provided. It will be converted relative to IP Instance files '../../../../Assets/A.coe'
create_ip -name blk_mem_gen -vendor xilinx.com -library ip -version 8.4 -module_name blk_mem_gen_0 -dir {c:/verilog project/Legend of Chun-Yi Lee/Legend of Chun-Yi Lee.srcs/sources_1/ip}
set_property -dict [list CONFIG.Write_Width_A {12} CONFIG.Write_Depth_A {400} CONFIG.Read_Width_A {12} CONFIG.Enable_A {Always_Enabled} CONFIG.Write_Width_B {12} CONFIG.Read_Width_B {12} CONFIG.Load_Init_File {true} CONFIG.Coe_File {C:/verilog project/Legend of Chun-Yi Lee/Assets/A.coe}] [get_ips blk_mem_gen_0]
INFO: [IP_Flow 19-3484] Absolute path of file 'c:/verilog project/Legend of Chun-Yi Lee/Assets/A.coe' provided. It will be converted relative to IP Instance files '../../../../Assets/A.coe'
generate_target {instantiation_template} [get_files {{c:/verilog project/Legend of Chun-Yi Lee/Legend of Chun-Yi Lee.srcs/sources_1/ip/blk_mem_gen_0_1/blk_mem_gen_0.xci}}]
INFO: [IP_Flow 19-1686] Generating 'Instantiation Template' target for IP 'blk_mem_gen_0'...
generate_target all [get_files  {{c:/verilog project/Legend of Chun-Yi Lee/Legend of Chun-Yi Lee.srcs/sources_1/ip/blk_mem_gen_0_1/blk_mem_gen_0.xci}}]
INFO: [IP_Flow 19-1686] Generating 'Synthesis' target for IP 'blk_mem_gen_0'...
INFO: [IP_Flow 19-1686] Generating 'Simulation' target for IP 'blk_mem_gen_0'...
INFO: [IP_Flow 19-1686] Generating 'Miscellaneous' target for IP 'blk_mem_gen_0'...
INFO: [IP_Flow 19-1686] Generating 'Change Log' target for IP 'blk_mem_gen_0'...
catch { config_ip_cache -export [get_ips -all blk_mem_gen_0] }
export_ip_user_files -of_objects [get_files {{c:/verilog project/Legend of Chun-Yi Lee/Legend of Chun-Yi Lee.srcs/sources_1/ip/blk_mem_gen_0_1/blk_mem_gen_0.xci}}] -no_script -sync -force -quiet
create_ip_run [get_files -of_objects [get_fileset sources_1] {{c:/verilog project/Legend of Chun-Yi Lee/Legend of Chun-Yi Lee.srcs/sources_1/ip/blk_mem_gen_0_1/blk_mem_gen_0.xci}}]
launch_runs -jobs 10 blk_mem_gen_0_synth_1
[Mon Jan  8 23:48:50 2024] Launched blk_mem_gen_0_synth_1...
Run output will be captured here: C:/verilog project/Legend of Chun-Yi Lee/Legend of Chun-Yi Lee.runs/blk_mem_gen_0_synth_1/runme.log
export_simulation -of_objects [get_files {{c:/verilog project/Legend of Chun-Yi Lee/Legend of Chun-Yi Lee.srcs/sources_1/ip/blk_mem_gen_0_1/blk_mem_gen_0.xci}}] -directory {C:/verilog project/Legend of Chun-Yi Lee/Legend of Chun-Yi Lee.ip_user_files/sim_scripts} -ip_user_files_dir {C:/verilog project/Legend of Chun-Yi Lee/Legend of Chun-Yi Lee.ip_user_files} -ipstatic_source_dir {C:/verilog project/Legend of Chun-Yi Lee/Legend of Chun-Yi Lee.ip_user_files/ipstatic} -lib_map_path [list {modelsim=C:/verilog project/Legend of Chun-Yi Lee/Legend of Chun-Yi Lee.cache/compile_simlib/modelsim} {questa=C:/verilog project/Legend of Chun-Yi Lee/Legend of Chun-Yi Lee.cache/compile_simlib/questa} {riviera=C:/verilog project/Legend of Chun-Yi Lee/Legend of Chun-Yi Lee.cache/compile_simlib/riviera} {activehdl=C:/verilog project/Legend of Chun-Yi Lee/Legend of Chun-Yi Lee.cache/compile_simlib/activehdl}] -use_ip_compiled_libs -force -quiet
WARNING: [IP_Flow 19-4067] Ignoring invalid widget type specified checkbox.Providing a default widget
WARNING: [IP_Flow 19-4067] Ignoring invalid widget type specified checkbox.Providing a default widget
INFO: [IP_Flow 19-3484] Absolute path of file 'c:/verilog project/Legend of Chun-Yi Lee/Assets/M.coe' provided. It will be converted relative to IP Instance files '../../../../Assets/M.coe'
create_ip -name blk_mem_gen -vendor xilinx.com -library ip -version 8.4 -module_name BM_M -dir {c:/verilog project/Legend of Chun-Yi Lee/Legend of Chun-Yi Lee.srcs/sources_1/ip}
set_property -dict [list CONFIG.Component_Name {BM_M} CONFIG.Write_Width_A {12} CONFIG.Write_Depth_A {400} CONFIG.Read_Width_A {12} CONFIG.Enable_A {Always_Enabled} CONFIG.Write_Width_B {12} CONFIG.Read_Width_B {12} CONFIG.Load_Init_File {true} CONFIG.Coe_File {C:/verilog project/Legend of Chun-Yi Lee/Assets/M.coe}] [get_ips BM_M]
WARNING: [Vivado 12-3523] Attempt to change 'Component_Name' from 'BM_M' to 'BM_M' is not allowed and is ignored.
INFO: [IP_Flow 19-3484] Absolute path of file 'c:/verilog project/Legend of Chun-Yi Lee/Assets/M.coe' provided. It will be converted relative to IP Instance files '../../../../Assets/M.coe'
generate_target {instantiation_template} [get_files {{c:/verilog project/Legend of Chun-Yi Lee/Legend of Chun-Yi Lee.srcs/sources_1/ip/BM_M/BM_M.xci}}]
INFO: [IP_Flow 19-1686] Generating 'Instantiation Template' target for IP 'BM_M'...
generate_target all [get_files  {{c:/verilog project/Legend of Chun-Yi Lee/Legend of Chun-Yi Lee.srcs/sources_1/ip/BM_M/BM_M.xci}}]
INFO: [IP_Flow 19-1686] Generating 'Synthesis' target for IP 'BM_M'...
INFO: [IP_Flow 19-1686] Generating 'Simulation' target for IP 'BM_M'...
INFO: [IP_Flow 19-1686] Generating 'Miscellaneous' target for IP 'BM_M'...
INFO: [IP_Flow 19-1686] Generating 'Change Log' target for IP 'BM_M'...
catch { config_ip_cache -export [get_ips -all BM_M] }
export_ip_user_files -of_objects [get_files {{c:/verilog project/Legend of Chun-Yi Lee/Legend of Chun-Yi Lee.srcs/sources_1/ip/BM_M/BM_M.xci}}] -no_script -sync -force -quiet
create_ip_run [get_files -of_objects [get_fileset sources_1] {{c:/verilog project/Legend of Chun-Yi Lee/Legend of Chun-Yi Lee.srcs/sources_1/ip/BM_M/BM_M.xci}}]
launch_runs -jobs 10 BM_M_synth_1
[Mon Jan  8 23:49:20 2024] Launched BM_M_synth_1...
Run output will be captured here: C:/verilog project/Legend of Chun-Yi Lee/Legend of Chun-Yi Lee.runs/BM_M_synth_1/runme.log
export_simulation -of_objects [get_files {{c:/verilog project/Legend of Chun-Yi Lee/Legend of Chun-Yi Lee.srcs/sources_1/ip/BM_M/BM_M.xci}}] -directory {C:/verilog project/Legend of Chun-Yi Lee/Legend of Chun-Yi Lee.ip_user_files/sim_scripts} -ip_user_files_dir {C:/verilog project/Legend of Chun-Yi Lee/Legend of Chun-Yi Lee.ip_user_files} -ipstatic_source_dir {C:/verilog project/Legend of Chun-Yi Lee/Legend of Chun-Yi Lee.ip_user_files/ipstatic} -lib_map_path [list {modelsim=C:/verilog project/Legend of Chun-Yi Lee/Legend of Chun-Yi Lee.cache/compile_simlib/modelsim} {questa=C:/verilog project/Legend of Chun-Yi Lee/Legend of Chun-Yi Lee.cache/compile_simlib/questa} {riviera=C:/verilog project/Legend of Chun-Yi Lee/Legend of Chun-Yi Lee.cache/compile_simlib/riviera} {activehdl=C:/verilog project/Legend of Chun-Yi Lee/Legend of Chun-Yi Lee.cache/compile_simlib/activehdl}] -use_ip_compiled_libs -force -quiet
export_ip_user_files -of_objects  [get_files {{c:/verilog project/Legend of Chun-Yi Lee/Legend of Chun-Yi Lee.srcs/sources_1/ip/blk_mem_gen_0_1/blk_mem_gen_0.xci}}] -no_script -reset -force -quiet
remove_files  -fileset blk_mem_gen_0 {{c:/verilog project/Legend of Chun-Yi Lee/Legend of Chun-Yi Lee.srcs/sources_1/ip/blk_mem_gen_0_1/blk_mem_gen_0.xci}}
INFO: [Project 1-386] Moving file 'c:/verilog project/Legend of Chun-Yi Lee/Legend of Chun-Yi Lee.srcs/sources_1/ip/blk_mem_gen_0_1/blk_mem_gen_0.xci' from fileset 'blk_mem_gen_0' to fileset 'sources_1'.
WARNING: [IP_Flow 19-4067] Ignoring invalid widget type specified checkbox.Providing a default widget
WARNING: [IP_Flow 19-4067] Ignoring invalid widget type specified checkbox.Providing a default widget
INFO: [IP_Flow 19-3484] Absolute path of file 'c:/verilog project/Legend of Chun-Yi Lee/Assets/A.coe' provided. It will be converted relative to IP Instance files '../../../../Assets/A.coe'
create_ip -name blk_mem_gen -vendor xilinx.com -library ip -version 8.4 -module_name BM_A -dir {c:/verilog project/Legend of Chun-Yi Lee/Legend of Chun-Yi Lee.srcs/sources_1/ip}
